   1              	 .cpu cortex-m0
   2              	 .fpu softvfp
   3              	 .eabi_attribute 20,1
   4              	 .eabi_attribute 21,1
   5              	 .eabi_attribute 23,3
   6              	 .eabi_attribute 24,1
   7              	 .eabi_attribute 25,1
   8              	 .eabi_attribute 26,1
   9              	 .eabi_attribute 30,4
  10              	 .eabi_attribute 34,0
  11              	 .eabi_attribute 18,4
  12              	 .code 16
  13              	 .file "spi_slave_conf.c"
  14              	 .section .text.XMC_SPI_CH_SetInputSource.constprop.1,"ax",%progbits
  15              	 .align 1
  16              	 .code 16
  17              	 .thumb_func
  19              	XMC_SPI_CH_SetInputSource.constprop.1:
  20 0000 9023     	 mov r3,#144
  21 0002 5022     	 mov r2,#80
  22 0004 DB05     	 lsl r3,r3,#23
  23 0006 8000     	 lsl r0,r0,#2
  24 0008 C018     	 add r0,r0,r3
  25 000a C369     	 ldr r3,[r0,#28]
  26              	 
  27 000c 9343     	 bic r3,r2
  28 000e 403A     	 sub r2,r2,#64
  29 0010 1343     	 orr r3,r2
  30 0012 C361     	 str r3,[r0,#28]
  31 0014 C369     	 ldr r3,[r0,#28]
  32 0016 093A     	 sub r2,r2,#9
  33 0018 9343     	 bic r3,r2
  34 001a 1943     	 orr r1,r3
  35 001c C161     	 str r1,[r0,#28]
  36 001e 7047     	 bx lr
  38              	 .section .text.SPI_SLAVE_0_init,"ax",%progbits
  39              	 .align 1
  40              	 .global SPI_SLAVE_0_init
  41              	 .code 16
  42              	 .thumb_func
  44              	SPI_SLAVE_0_init:
  45 0000 F8B5     	 push {r3,r4,r5,r6,r7,lr}
  46 0002 0025     	 mov r5,#0
  47 0004 9024     	 mov r4,#144
  48 0006 494B     	 ldr r3,.L3
  49 0008 494F     	 ldr r7,.L3+4
  50 000a 9B68     	 ldr r3,[r3,#8]
  51 000c 381C     	 mov r0,r7
  52 000e 9D76     	 strb r5,[r3,#26]
  53 0010 0121     	 mov r1,#1
  54 0012 DD76     	 strb r5,[r3,#27]
  55 0014 474A     	 ldr r2,.L3+8
  56 0016 FFF7FEFF 	 bl XMC_GPIO_Init
  57 001a 381C     	 mov r0,r7
  58 001c 0421     	 mov r1,#4
  59 001e 464A     	 ldr r2,.L3+12
  60 0020 E405     	 lsl r4,r4,#23
  61 0022 FFF7FEFF 	 bl XMC_GPIO_Init
  62 0026 381C     	 mov r0,r7
  63 0028 291C     	 mov r1,r5
  64 002a 444A     	 ldr r2,.L3+16
  65 002c FFF7FEFF 	 bl XMC_GPIO_Init
  66 0030 201C     	 mov r0,r4
  67 0032 4349     	 ldr r1,.L3+20
  68 0034 0122     	 mov r2,#1
  69 0036 FFF7FEFF 	 bl XMC_SPI_CH_InitEx
  70 003a 0122     	 mov r2,#1
  71 003c 636B     	 ldr r3,[r4,#52]
  72 003e 281C     	 mov r0,r5
  73 0040 9343     	 bic r3,r2
  74 0042 6363     	 str r3,[r4,#52]
  75 0044 626B     	 ldr r2,[r4,#52]
  76 0046 3F4B     	 ldr r3,.L3+24
  77 0048 0221     	 mov r1,#2
  78 004a 1340     	 and r3,r2
  79 004c E022     	 mov r2,#224
  80 004e D204     	 lsl r2,r2,#19
  81 0050 1343     	 orr r3,r2
  82 0052 6363     	 str r3,[r4,#52]
  83 0054 FC23     	 mov r3,#252
  84 0056 626B     	 ldr r2,[r4,#52]
  85 0058 9B03     	 lsl r3,r3,#14
  86 005a 1343     	 orr r3,r2
  87 005c 6363     	 str r3,[r4,#52]
  88 005e FFF7FEFF 	 bl XMC_SPI_CH_SetInputSource.constprop.1
  89 0062 291C     	 mov r1,r5
  90 0064 0320     	 mov r0,#3
  91 0066 FFF7FEFF 	 bl XMC_SPI_CH_SetInputSource.constprop.1
  92 006a 291C     	 mov r1,r5
  93 006c 0420     	 mov r0,#4
  94 006e FFF7FEFF 	 bl XMC_SPI_CH_SetInputSource.constprop.1
  95 0072 0520     	 mov r0,#5
  96 0074 0421     	 mov r1,#4
  97 0076 FFF7FEFF 	 bl XMC_SPI_CH_SetInputSource.constprop.1
  98 007a 0120     	 mov r0,#1
  99 007c 0321     	 mov r1,#3
 100 007e FFF7FEFF 	 bl XMC_SPI_CH_SetInputSource.constprop.1
 101 0082 0220     	 mov r0,#2
 102 0084 0621     	 mov r1,#6
 103 0086 FFF7FEFF 	 bl XMC_SPI_CH_SetInputSource.constprop.1
 104 008a 8022     	 mov r2,#128
 105 008c 636A     	 ldr r3,[r4,#36]
 106 008e 5200     	 lsl r2,r2,#1
 107 0090 1343     	 orr r3,r2
 108 0092 6362     	 str r3,[r4,#36]
 109 0094 201C     	 mov r0,r4
 110 0096 0421     	 mov r1,#4
 111 0098 FF3A     	 sub r2,r2,#255
 112 009a FFF7FEFF 	 bl XMC_USIC_CH_SetInterruptNodePointer
 113 009e 201C     	 mov r0,r4
 114 00a0 2A1C     	 mov r2,r5
 115 00a2 0821     	 mov r1,#8
 116 00a4 FFF7FEFF 	 bl XMC_USIC_CH_SetInterruptNodePointer
 117 00a8 201C     	 mov r0,r4
 118 00aa 2A1C     	 mov r2,r5
 119 00ac 0C21     	 mov r1,#12
 120 00ae FFF7FEFF 	 bl XMC_USIC_CH_SetInterruptNodePointer
 121 00b2 201C     	 mov r0,r4
 122 00b4 1021     	 mov r1,#16
 123 00b6 0222     	 mov r2,#2
 124 00b8 FFF7FEFF 	 bl XMC_USIC_CH_SetInterruptNodePointer
 125 00bc C223     	 mov r3,#194
 126 00be 224E     	 ldr r6,.L3+28
 127 00c0 9B00     	 lsl r3,r3,#2
 128 00c2 F258     	 ldr r2,[r6,r3]
 129 00c4 214B     	 ldr r3,.L3+32
 130 00c6 A021     	 mov r1,#160
 131 00c8 1340     	 and r3,r2
 132 00ca C022     	 mov r2,#192
 133 00cc 1204     	 lsl r2,r2,#16
 134 00ce 1343     	 orr r3,r2
 135 00d0 C222     	 mov r2,#194
 136 00d2 9200     	 lsl r2,r2,#2
 137 00d4 B350     	 str r3,[r6,r2]
 138 00d6 0A20     	 mov r0,#10
 139 00d8 0901     	 lsl r1,r1,#4
 140 00da FFF7FEFF 	 bl XMC_SCU_SetInterruptControl
 141 00de 8023     	 mov r3,#128
 142 00e0 DB00     	 lsl r3,r3,#3
 143 00e2 3360     	 str r3,[r6]
 144 00e4 F83B     	 sub r3,r3,#248
 145 00e6 F258     	 ldr r2,[r6,r3]
 146 00e8 194B     	 ldr r3,.L3+36
 147 00ea 9021     	 mov r1,#144
 148 00ec 1340     	 and r3,r2
 149 00ee 8022     	 mov r2,#128
 150 00f0 1202     	 lsl r2,r2,#8
 151 00f2 1343     	 orr r3,r2
 152 00f4 C222     	 mov r2,#194
 153 00f6 9200     	 lsl r2,r2,#2
 154 00f8 B350     	 str r3,[r6,r2]
 155 00fa 0920     	 mov r0,#9
 156 00fc 0901     	 lsl r1,r1,#4
 157 00fe FFF7FEFF 	 bl XMC_SCU_SetInterruptControl
 158 0102 8023     	 mov r3,#128
 159 0104 9B00     	 lsl r3,r3,#2
 160 0106 3360     	 str r3,[r6]
 161 0108 0F22     	 mov r2,#15
 162 010a 236C     	 ldr r3,[r4,#64]
 163 010c 381C     	 mov r0,r7
 164 010e 9343     	 bic r3,r2
 165 0110 0E3A     	 sub r2,r2,#14
 166 0112 1343     	 orr r3,r2
 167 0114 2364     	 str r3,[r4,#64]
 168 0116 0521     	 mov r1,#5
 169 0118 0E4A     	 ldr r2,.L3+40
 170 011a FFF7FEFF 	 bl XMC_GPIO_Init
 171 011e 381C     	 mov r0,r7
 172 0120 2A1C     	 mov r2,r5
 173 0122 0521     	 mov r1,#5
 174 0124 FFF7FEFF 	 bl XMC_GPIO_SetHardwareControl
 175              	 
 176 0128 281C     	 mov r0,r5
 177 012a F8BD     	 pop {r3,r4,r5,r6,r7,pc}
 178              	.L4:
 179              	 .align 2
 180              	.L3:
 181 012c 00000000 	 .word .LANCHOR0
 182 0130 00010440 	 .word 1074004224
 183 0134 00000000 	 .word .LANCHOR1
 184 0138 00000000 	 .word .LANCHOR2
 185 013c 00000000 	 .word .LANCHOR3
 186 0140 00000000 	 .word .LANCHOR4
 187 0144 FFFFFFF0 	 .word -251658241
 188 0148 00E100E0 	 .word -536813312
 189 014c FFFF00FF 	 .word -16711681
 190 0150 FF00FFFF 	 .word -65281
 191 0154 00000000 	 .word .LANCHOR5
 193              	 .section .text.IRQ10_Handler,"ax",%progbits
 194              	 .align 1
 195              	 .global IRQ10_Handler
 196              	 .code 16
 197              	 .thumb_func
 199              	IRQ10_Handler:
 200 0000 08B5     	 push {r3,lr}
 201 0002 0248     	 ldr r0,.L6
 202 0004 FFF7FEFF 	 bl SPI_SLAVE_lTransmitHandler
 203              	 
 204 0008 08BD     	 pop {r3,pc}
 205              	.L7:
 206 000a C046     	 .align 2
 207              	.L6:
 208 000c 00000000 	 .word .LANCHOR0
 210              	 .section .text.IRQ9_Handler,"ax",%progbits
 211              	 .align 1
 212              	 .global IRQ9_Handler
 213              	 .code 16
 214              	 .thumb_func
 216              	IRQ9_Handler:
 217 0000 08B5     	 push {r3,lr}
 218 0002 0248     	 ldr r0,.L9
 219 0004 FFF7FEFF 	 bl SPI_SLAVE_lReceiveHandler
 220              	 
 221 0008 08BD     	 pop {r3,pc}
 222              	.L10:
 223 000a C046     	 .align 2
 224              	.L9:
 225 000c 00000000 	 .word .LANCHOR0
 227              	 .global SPI_SLAVE_0
 228              	 .global SPI_SLAVE_0_runtime
 229              	 .global SPI_SLAVE_0_conf
 230              	 .global SPI_SLAVE_0_slavesel_pin_config
 231              	 .global SPI_SLAVE_0_sclk_pin_config
 232              	 .global SPI_SLAVE_0_mosi_pin
 233              	 .global SPI_SLAVE_0_mosi_pin_config
 234              	 .global SPI_SLAVE_0_miso_pin
 235              	 .global SPI_SLAVE_0_mosi1_pin_config
 236              	 .global SPI_SLAVE_0_channel_config
 237              	 .section .rodata.SPI_SLAVE_0_miso_pin,"a",%progbits
 238              	 .align 2
 241              	SPI_SLAVE_0_miso_pin:
 242 0000 00010440 	 .word 1074004224
 243 0004 00000000 	 .word SPI_SLAVE_0_mosi1_pin_config
 244 0008 00       	 .byte 0
 245 0009 05       	 .byte 5
 246 000a 0000     	 .space 2
 247              	 .section .rodata.SPI_SLAVE_0_channel_config,"a",%progbits
 248              	 .align 2
 249              	 .set .LANCHOR4,.+0
 252              	SPI_SLAVE_0_channel_config:
 253 0000 00000000 	 .space 5
 253      00
 254 0005 01       	 .byte 1
 255 0006 0000     	 .space 2
 256 0008 0000     	 .short 0
 257 000a 0000     	 .space 2
 258              	 .section .rodata.SPI_SLAVE_0_mosi_pin_config,"a",%progbits
 259              	 .align 2
 260              	 .set .LANCHOR3,.+0
 263              	SPI_SLAVE_0_mosi_pin_config:
 264 0000 00       	 .byte 0
 265 0001 00       	 .byte 0
 266 0002 0000     	 .space 2
 267 0004 01000000 	 .word 1
 268              	 .section .rodata.SPI_SLAVE_0_conf,"a",%progbits
 269              	 .align 2
 272              	SPI_SLAVE_0_conf:
 273 0000 00000000 	 .word SPI_SLAVE_0_channel_config
 274 0004 00000000 	 .word SPI_SLAVE_0_miso_pin
 275 0008 00000000 	 .word SPI_SLAVE_0_mosi_pin
 276 000c 00000000 	 .word SPI_SLAVE_0_init
 277 0010 00000000 	 .word 0
 278 0014 00000000 	 .word 0
 279 0018 00000000 	 .word 0
 280 001c 00000000 	 .word 0
 281 0020 00       	 .byte 0
 282 0021 00       	 .byte 0
 283 0022 00       	 .byte 0
 284 0023 00       	 .byte 0
 285 0024 00       	 .byte 0
 286 0025 01       	 .byte 1
 287 0026 02       	 .byte 2
 288 0027 00       	 .space 1
 289              	 .section .rodata.SPI_SLAVE_0_mosi_pin,"a",%progbits
 290              	 .align 2
 293              	SPI_SLAVE_0_mosi_pin:
 294 0000 00010440 	 .word 1074004224
 295 0004 00000000 	 .word SPI_SLAVE_0_mosi_pin_config
 296 0008 00       	 .byte 0
 297 0009 00       	 .byte 0
 298 000a 0000     	 .space 2
 299              	 .section .rodata.SPI_SLAVE_0_mosi1_pin_config,"a",%progbits
 300              	 .align 2
 301              	 .set .LANCHOR5,.+0
 304              	SPI_SLAVE_0_mosi1_pin_config:
 305 0000 88       	 .byte -120
 306 0001 000000   	 .space 3
 307 0004 01000000 	 .word 1
 308              	 .section .data.SPI_SLAVE_0_runtime,"aw",%progbits
 309              	 .align 2
 312              	SPI_SLAVE_0_runtime:
 313 0000 00000000 	 .space 24
 313      00000000 
 313      00000000 
 313      00000000 
 313      00000000 
 314 0018 00       	 .byte 0
 315 0019 01       	 .byte 1
 316 001a 00       	 .byte 0
 317 001b 00       	 .byte 0
 318              	 .section .data.SPI_SLAVE_0,"aw",%progbits
 319              	 .align 2
 320              	 .set .LANCHOR0,.+0
 323              	SPI_SLAVE_0:
 324 0000 00000048 	 .word 1207959552
 325 0004 00000000 	 .word SPI_SLAVE_0_conf
 326 0008 00000000 	 .word SPI_SLAVE_0_runtime
 327              	 .section .rodata.SPI_SLAVE_0_sclk_pin_config,"a",%progbits
 328              	 .align 2
 329              	 .set .LANCHOR1,.+0
 332              	SPI_SLAVE_0_sclk_pin_config:
 333 0000 00       	 .byte 0
 334 0001 00       	 .byte 0
 335 0002 0000     	 .space 2
 336 0004 01000000 	 .word 1
 337              	 .section .rodata.SPI_SLAVE_0_slavesel_pin_config,"a",%progbits
 338              	 .align 2
 339              	 .set .LANCHOR2,.+0
 342              	SPI_SLAVE_0_slavesel_pin_config:
 343 0000 00       	 .byte 0
 344 0001 00       	 .byte 0
 345 0002 0000     	 .space 2
 346 0004 01000000 	 .word 1
 347              	 .ident "GCC: (GNU Tools for ARM Embedded Processors) 4.9.3 20141119 (release) [ARM/embedded-4_9-branch revision 218278]"
DEFINED SYMBOLS
                            *ABS*:00000000 spi_slave_conf.c
    {standard input}:15     .text.XMC_SPI_CH_SetInputSource.constprop.1:00000000 $t
    {standard input}:19     .text.XMC_SPI_CH_SetInputSource.constprop.1:00000000 XMC_SPI_CH_SetInputSource.constprop.1
    {standard input}:39     .text.SPI_SLAVE_0_init:00000000 $t
    {standard input}:44     .text.SPI_SLAVE_0_init:00000000 SPI_SLAVE_0_init
    {standard input}:181    .text.SPI_SLAVE_0_init:0000012c $d
    {standard input}:194    .text.IRQ10_Handler:00000000 $t
    {standard input}:199    .text.IRQ10_Handler:00000000 IRQ10_Handler
    {standard input}:208    .text.IRQ10_Handler:0000000c $d
    {standard input}:211    .text.IRQ9_Handler:00000000 $t
    {standard input}:216    .text.IRQ9_Handler:00000000 IRQ9_Handler
    {standard input}:225    .text.IRQ9_Handler:0000000c $d
    {standard input}:323    .data.SPI_SLAVE_0:00000000 SPI_SLAVE_0
    {standard input}:312    .data.SPI_SLAVE_0_runtime:00000000 SPI_SLAVE_0_runtime
    {standard input}:272    .rodata.SPI_SLAVE_0_conf:00000000 SPI_SLAVE_0_conf
    {standard input}:342    .rodata.SPI_SLAVE_0_slavesel_pin_config:00000000 SPI_SLAVE_0_slavesel_pin_config
    {standard input}:332    .rodata.SPI_SLAVE_0_sclk_pin_config:00000000 SPI_SLAVE_0_sclk_pin_config
    {standard input}:293    .rodata.SPI_SLAVE_0_mosi_pin:00000000 SPI_SLAVE_0_mosi_pin
    {standard input}:263    .rodata.SPI_SLAVE_0_mosi_pin_config:00000000 SPI_SLAVE_0_mosi_pin_config
    {standard input}:241    .rodata.SPI_SLAVE_0_miso_pin:00000000 SPI_SLAVE_0_miso_pin
    {standard input}:304    .rodata.SPI_SLAVE_0_mosi1_pin_config:00000000 SPI_SLAVE_0_mosi1_pin_config
    {standard input}:252    .rodata.SPI_SLAVE_0_channel_config:00000000 SPI_SLAVE_0_channel_config
    {standard input}:238    .rodata.SPI_SLAVE_0_miso_pin:00000000 $d
    {standard input}:248    .rodata.SPI_SLAVE_0_channel_config:00000000 $d
    {standard input}:259    .rodata.SPI_SLAVE_0_mosi_pin_config:00000000 $d
    {standard input}:269    .rodata.SPI_SLAVE_0_conf:00000000 $d
    {standard input}:290    .rodata.SPI_SLAVE_0_mosi_pin:00000000 $d
    {standard input}:300    .rodata.SPI_SLAVE_0_mosi1_pin_config:00000000 $d
    {standard input}:309    .data.SPI_SLAVE_0_runtime:00000000 $d
    {standard input}:319    .data.SPI_SLAVE_0:00000000 $d
    {standard input}:328    .rodata.SPI_SLAVE_0_sclk_pin_config:00000000 $d
    {standard input}:338    .rodata.SPI_SLAVE_0_slavesel_pin_config:00000000 $d

UNDEFINED SYMBOLS
XMC_GPIO_Init
XMC_SPI_CH_InitEx
XMC_USIC_CH_SetInterruptNodePointer
XMC_SCU_SetInterruptControl
XMC_GPIO_SetHardwareControl
SPI_SLAVE_lTransmitHandler
SPI_SLAVE_lReceiveHandler
