   1              	 .cpu cortex-m0
   2              	 .fpu softvfp
   3              	 .eabi_attribute 20,1
   4              	 .eabi_attribute 21,1
   5              	 .eabi_attribute 23,3
   6              	 .eabi_attribute 24,1
   7              	 .eabi_attribute 25,1
   8              	 .eabi_attribute 26,1
   9              	 .eabi_attribute 30,4
  10              	 .eabi_attribute 34,0
  11              	 .eabi_attribute 18,4
  12              	 .code 16
  13              	 .file "xmc1_scu.c"
  14              	 .section .text.XMC_SCU_CalcTSEVAR,"ax",%progbits
  15              	 .align 1
  16              	 .code 16
  17              	 .thumb_func
  19              	XMC_SCU_CalcTSEVAR:
  20 0000 38B5     	 push {r3,r4,r5,lr}
  21 0002 9025     	 mov r5,#144
  22 0004 6D00     	 lsl r5,r5,#1
  23 0006 2B68     	 ldr r3,[r5]
  24 0008 041C     	 mov r4,r0
  25 000a 9847     	 blx r3
  26 000c 0028     	 cmp r0,#0
  27 000e 07D1     	 bne .L2
  28 0010 601C     	 add r0,r4,#1
  29 0012 2B68     	 ldr r3,[r5]
  30 0014 9847     	 blx r3
  31 0016 0028     	 cmp r0,#0
  32 0018 02D1     	 bne .L2
  33 001a 601E     	 sub r0,r4,#1
  34 001c 2B68     	 ldr r3,[r5]
  35 001e 9847     	 blx r3
  36              	.L2:
  37              	 
  38 0020 38BD     	 pop {r3,r4,r5,pc}
  40              	 .section .text.XMC_SCU_INTERRUPT_EnableEvent,"ax",%progbits
  41              	 .align 1
  42              	 .global XMC_SCU_INTERRUPT_EnableEvent
  43              	 .code 16
  44              	 .thumb_func
  46              	XMC_SCU_INTERRUPT_EnableEvent:
  47 0000 034B     	 ldr r3,.L5
  48              	 
  49 0002 5A68     	 ldr r2,[r3,#4]
  50 0004 1043     	 orr r0,r2
  51 0006 5860     	 str r0,[r3,#4]
  52 0008 5A6A     	 ldr r2,[r3,#36]
  53 000a 1143     	 orr r1,r2
  54 000c 5962     	 str r1,[r3,#36]
  55 000e 7047     	 bx lr
  56              	.L6:
  57              	 .align 2
  58              	.L5:
  59 0010 38000140 	 .word 1073807416
  61              	 .section .text.XMC_SCU_INTERRUPT_DisableEvent,"ax",%progbits
  62              	 .align 1
  63              	 .global XMC_SCU_INTERRUPT_DisableEvent
  64              	 .code 16
  65              	 .thumb_func
  67              	XMC_SCU_INTERRUPT_DisableEvent:
  68 0000 034B     	 ldr r3,.L8
  69              	 
  70 0002 5A68     	 ldr r2,[r3,#4]
  71 0004 8243     	 bic r2,r0
  72 0006 5A60     	 str r2,[r3,#4]
  73 0008 5A6A     	 ldr r2,[r3,#36]
  74 000a 8A43     	 bic r2,r1
  75 000c 5A62     	 str r2,[r3,#36]
  76 000e 7047     	 bx lr
  77              	.L9:
  78              	 .align 2
  79              	.L8:
  80 0010 38000140 	 .word 1073807416
  82              	 .section .text.XMC_SCU_INTERRUPT_TriggerEvent,"ax",%progbits
  83              	 .align 1
  84              	 .global XMC_SCU_INTERRUPT_TriggerEvent
  85              	 .code 16
  86              	 .thumb_func
  88              	XMC_SCU_INTERRUPT_TriggerEvent:
  89 0000 034B     	 ldr r3,.L11
  90              	 
  91 0002 DA68     	 ldr r2,[r3,#12]
  92 0004 1043     	 orr r0,r2
  93 0006 D860     	 str r0,[r3,#12]
  94 0008 DA6A     	 ldr r2,[r3,#44]
  95 000a 1143     	 orr r1,r2
  96 000c D962     	 str r1,[r3,#44]
  97 000e 7047     	 bx lr
  98              	.L12:
  99              	 .align 2
 100              	.L11:
 101 0010 38000140 	 .word 1073807416
 103              	 .section .text.XMC_SCU_INTERUPT_GetEventStatus,"ax",%progbits
 104              	 .align 1
 105              	 .global XMC_SCU_INTERUPT_GetEventStatus
 106              	 .code 16
 107              	 .thumb_func
 109              	XMC_SCU_INTERUPT_GetEventStatus:
 110 0000 014B     	 ldr r3,.L14
 111              	 
 112 0002 1868     	 ldr r0,[r3]
 113 0004 196A     	 ldr r1,[r3,#32]
 114 0006 7047     	 bx lr
 115              	.L15:
 116              	 .align 2
 117              	.L14:
 118 0008 38000140 	 .word 1073807416
 120              	 .section .text.XMC_SCU_INTERRUPT_ClearEventStatus,"ax",%progbits
 121              	 .align 1
 122              	 .global XMC_SCU_INTERRUPT_ClearEventStatus
 123              	 .code 16
 124              	 .thumb_func
 126              	XMC_SCU_INTERRUPT_ClearEventStatus:
 127 0000 034B     	 ldr r3,.L17
 128              	 
 129 0002 9A68     	 ldr r2,[r3,#8]
 130 0004 1043     	 orr r0,r2
 131 0006 9860     	 str r0,[r3,#8]
 132 0008 9A6A     	 ldr r2,[r3,#40]
 133 000a 1143     	 orr r1,r2
 134 000c 9962     	 str r1,[r3,#40]
 135 000e 7047     	 bx lr
 136              	.L18:
 137              	 .align 2
 138              	.L17:
 139 0010 38000140 	 .word 1073807416
 141              	 .section .text.XMC_SCU_LockProtectedBits,"ax",%progbits
 142              	 .align 1
 143              	 .global XMC_SCU_LockProtectedBits
 144              	 .code 16
 145              	 .thumb_func
 147              	XMC_SCU_LockProtectedBits:
 148 0000 C322     	 mov r2,#195
 149 0002 014B     	 ldr r3,.L20
 150              	 
 151 0004 5A62     	 str r2,[r3,#36]
 152 0006 7047     	 bx lr
 153              	.L21:
 154              	 .align 2
 155              	.L20:
 156 0008 00000140 	 .word 1073807360
 158              	 .section .text.XMC_SCU_UnlockProtectedBits,"ax",%progbits
 159              	 .align 1
 160              	 .global XMC_SCU_UnlockProtectedBits
 161              	 .code 16
 162              	 .thumb_func
 164              	XMC_SCU_UnlockProtectedBits:
 165 0000 C022     	 mov r2,#192
 166 0002 034B     	 ldr r3,.L24
 167 0004 5A62     	 str r2,[r3,#36]
 168              	.L23:
 169 0006 5A6A     	 ldr r2,[r3,#36]
 170 0008 5207     	 lsl r2,r2,#29
 171 000a FCD4     	 bmi .L23
 172              	 
 173 000c 7047     	 bx lr
 174              	.L25:
 175 000e C046     	 .align 2
 176              	.L24:
 177 0010 00000140 	 .word 1073807360
 179              	 .section .text.XMC_SCU_SupplyMonitorInit,"ax",%progbits
 180              	 .align 1
 181              	 .global XMC_SCU_SupplyMonitorInit
 182              	 .code 16
 183              	 .thumb_func
 185              	XMC_SCU_SupplyMonitorInit:
 186 0000 4368     	 ldr r3,[r0,#4]
 187 0002 0268     	 ldr r2,[r0]
 188 0004 9B00     	 lsl r3,r3,#2
 189 0006 1343     	 orr r3,r2
 190 0008 C27A     	 ldrb r2,[r0,#11]
 191 000a 002A     	 cmp r2,#0
 192 000c 01D0     	 beq .L27
 193 000e 1022     	 mov r2,#16
 194 0010 1343     	 orr r3,r2
 195              	.L27:
 196 0012 0B4A     	 ldr r2,.L41
 197 0014 9BB2     	 uxth r3,r3
 198 0016 1380     	 strh r3,[r2]
 199 0018 037A     	 ldrb r3,[r0,#8]
 200 001a 5A1E     	 sub r2,r3,#1
 201 001c 9341     	 sbc r3,r3,r2
 202 001e 427A     	 ldrb r2,[r0,#9]
 203 0020 DB00     	 lsl r3,r3,#3
 204 0022 002A     	 cmp r2,#0
 205 0024 01D0     	 beq .L29
 206 0026 8022     	 mov r2,#128
 207 0028 1343     	 orr r3,r2
 208              	.L29:
 209 002a 827A     	 ldrb r2,[r0,#10]
 210 002c 002A     	 cmp r2,#0
 211 002e 02D0     	 beq .L30
 212 0030 8022     	 mov r2,#128
 213 0032 9203     	 lsl r2,r2,#14
 214 0034 1343     	 orr r3,r2
 215              	.L30:
 216 0036 0349     	 ldr r1,.L41+4
 217              	 
 218 0038 4A68     	 ldr r2,[r1,#4]
 219 003a 1343     	 orr r3,r2
 220 003c 4B60     	 str r3,[r1,#4]
 221 003e 7047     	 bx lr
 222              	.L42:
 223              	 .align 2
 224              	.L41:
 225 0040 50100140 	 .word 1073811536
 226 0044 38000140 	 .word 1073807416
 228              	 .section .text.XMC_SCU_SetTempLowLimit,"ax",%progbits
 229              	 .align 1
 230              	 .global XMC_SCU_SetTempLowLimit
 231              	 .code 16
 232              	 .thumb_func
 234              	XMC_SCU_SetTempLowLimit:
 235 0000 08B5     	 push {r3,lr}
 236 0002 FFF7FEFF 	 bl XMC_SCU_CalcTSEVAR
 237 0006 0123     	 mov r3,#1
 238 0008 0028     	 cmp r0,#0
 239 000a 03D0     	 beq .L44
 240 000c 024B     	 ldr r3,.L47
 241 000e 80B2     	 uxth r0,r0
 242 0010 9886     	 strh r0,[r3,#52]
 243 0012 0023     	 mov r3,#0
 244              	.L44:
 245 0014 181C     	 mov r0,r3
 246              	 
 247 0016 08BD     	 pop {r3,pc}
 248              	.L48:
 249              	 .align 2
 250              	.L47:
 251 0018 00100140 	 .word 1073811456
 253              	 .section .text.XMC_SCU_SetTempHighLimit,"ax",%progbits
 254              	 .align 1
 255              	 .global XMC_SCU_SetTempHighLimit
 256              	 .code 16
 257              	 .thumb_func
 259              	XMC_SCU_SetTempHighLimit:
 260 0000 08B5     	 push {r3,lr}
 261 0002 FFF7FEFF 	 bl XMC_SCU_CalcTSEVAR
 262 0006 0123     	 mov r3,#1
 263 0008 0028     	 cmp r0,#0
 264 000a 03D0     	 beq .L50
 265 000c 024B     	 ldr r3,.L53
 266 000e 80B2     	 uxth r0,r0
 267 0010 1886     	 strh r0,[r3,#48]
 268 0012 0023     	 mov r3,#0
 269              	.L50:
 270 0014 181C     	 mov r0,r3
 271              	 
 272 0016 08BD     	 pop {r3,pc}
 273              	.L54:
 274              	 .align 2
 275              	.L53:
 276 0018 00100140 	 .word 1073811456
 278              	 .section .text.XMC_SCU_SetRawTempLimits,"ax",%progbits
 279              	 .align 1
 280              	 .global XMC_SCU_SetRawTempLimits
 281              	 .code 16
 282              	 .thumb_func
 284              	XMC_SCU_SetRawTempLimits:
 285 0000 024B     	 ldr r3,.L56
 286 0002 89B2     	 uxth r1,r1
 287 0004 80B2     	 uxth r0,r0
 288 0006 1986     	 strh r1,[r3,#48]
 289              	 
 290 0008 9886     	 strh r0,[r3,#52]
 291 000a 7047     	 bx lr
 292              	.L57:
 293              	 .align 2
 294              	.L56:
 295 000c 00100140 	 .word 1073811456
 297              	 .section .text.XMC_SCU_StartTempMeasurement,"ax",%progbits
 298              	 .align 1
 299              	 .global XMC_SCU_StartTempMeasurement
 300              	 .code 16
 301              	 .thumb_func
 303              	XMC_SCU_StartTempMeasurement:
 304 0000 0121     	 mov r1,#1
 305 0002 024A     	 ldr r2,.L59
 306              	 
 307 0004 938C     	 ldrh r3,[r2,#36]
 308 0006 0B43     	 orr r3,r1
 309 0008 9384     	 strh r3,[r2,#36]
 310 000a 7047     	 bx lr
 311              	.L60:
 312              	 .align 2
 313              	.L59:
 314 000c 00100140 	 .word 1073811456
 316              	 .section .text.XMC_SCU_StopTempMeasurement,"ax",%progbits
 317              	 .align 1
 318              	 .global XMC_SCU_StopTempMeasurement
 319              	 .code 16
 320              	 .thumb_func
 322              	XMC_SCU_StopTempMeasurement:
 323 0000 0121     	 mov r1,#1
 324 0002 024A     	 ldr r2,.L62
 325              	 
 326 0004 938C     	 ldrh r3,[r2,#36]
 327 0006 8B43     	 bic r3,r1
 328 0008 9384     	 strh r3,[r2,#36]
 329 000a 7047     	 bx lr
 330              	.L63:
 331              	 .align 2
 332              	.L62:
 333 000c 00100140 	 .word 1073811456
 335              	 .section .text.XMC_SCU_HighTemperature,"ax",%progbits
 336              	 .align 1
 337              	 .global XMC_SCU_HighTemperature
 338              	 .code 16
 339              	 .thumb_func
 341              	XMC_SCU_HighTemperature:
 342 0000 024B     	 ldr r3,.L65
 343              	 
 344 0002 1868     	 ldr r0,[r3]
 345 0004 4000     	 lsl r0,r0,#1
 346 0006 C00F     	 lsr r0,r0,#31
 347 0008 7047     	 bx lr
 348              	.L66:
 349 000a C046     	 .align 2
 350              	.L65:
 351 000c 38000140 	 .word 1073807416
 353              	 .section .text.XMC_SCU_LowTemperature,"ax",%progbits
 354              	 .align 1
 355              	 .global XMC_SCU_LowTemperature
 356              	 .code 16
 357              	 .thumb_func
 359              	XMC_SCU_LowTemperature:
 360 0000 014B     	 ldr r3,.L68
 361              	 
 362 0002 1868     	 ldr r0,[r3]
 363 0004 C00F     	 lsr r0,r0,#31
 364 0006 7047     	 bx lr
 365              	.L69:
 366              	 .align 2
 367              	.L68:
 368 0008 38000140 	 .word 1073807416
 370              	 .section .text.XMC_SCU_GetTemperature,"ax",%progbits
 371              	 .align 1
 372              	 .global XMC_SCU_GetTemperature
 373              	 .code 16
 374              	 .thumb_func
 376              	XMC_SCU_GetTemperature:
 377 0000 014B     	 ldr r3,.L71
 378              	 
 379 0002 D88F     	 ldrh r0,[r3,#62]
 380 0004 80B2     	 uxth r0,r0
 381 0006 7047     	 bx lr
 382              	.L72:
 383              	 .align 2
 384              	.L71:
 385 0008 02100140 	 .word 1073811458
 387              	 .section .text.XMC_SCU_CalcTemperature,"ax",%progbits
 388              	 .align 1
 389              	 .global XMC_SCU_CalcTemperature
 390              	 .code 16
 391              	 .thumb_func
 393              	XMC_SCU_CalcTemperature:
 394 0000 08B5     	 push {r3,lr}
 395 0002 8623     	 mov r3,#134
 396 0004 5B00     	 lsl r3,r3,#1
 397 0006 1B68     	 ldr r3,[r3]
 398 0008 9847     	 blx r3
 399              	 
 400 000a 08BD     	 pop {r3,pc}
 402              	 .section .text.XMC_SCU_CLOCK_SetRtcClockSource,"ax",%progbits
 403              	 .align 1
 404              	 .global XMC_SCU_CLOCK_SetRtcClockSource
 405              	 .code 16
 406              	 .thumb_func
 408              	XMC_SCU_CLOCK_SetRtcClockSource:
 409 0000 10B5     	 push {r4,lr}
 410 0002 041C     	 mov r4,r0
 411 0004 FFF7FEFF 	 bl XMC_SCU_UnlockProtectedBits
 412 0008 044A     	 ldr r2,.L75
 413 000a 054B     	 ldr r3,.L75+4
 414 000c 1068     	 ldr r0,[r2]
 415              	 
 416 000e 1840     	 and r0,r3
 417 0010 2043     	 orr r0,r4
 418 0012 1060     	 str r0,[r2]
 419 0014 C322     	 mov r2,#195
 420 0016 034B     	 ldr r3,.L75+8
 421 0018 5A62     	 str r2,[r3,#36]
 422 001a 10BD     	 pop {r4,pc}
 423              	.L76:
 424              	 .align 2
 425              	.L75:
 426 001c 00030140 	 .word 1073808128
 427 0020 FFFFF1FF 	 .word -917505
 428 0024 00000140 	 .word 1073807360
 430              	 .section .text.XMC_SCU_CLOCK_SetFastPeripheralClockSource,"ax",%progbits
 431              	 .align 1
 432              	 .global XMC_SCU_CLOCK_SetFastPeripheralClockSource
 433              	 .code 16
 434              	 .thumb_func
 436              	XMC_SCU_CLOCK_SetFastPeripheralClockSource:
 437 0000 10B5     	 push {r4,lr}
 438 0002 041C     	 mov r4,r0
 439 0004 FFF7FEFF 	 bl XMC_SCU_UnlockProtectedBits
 440 0008 044A     	 ldr r2,.L78
 441 000a 054B     	 ldr r3,.L78+4
 442 000c 1068     	 ldr r0,[r2]
 443              	 
 444 000e 1840     	 and r0,r3
 445 0010 2043     	 orr r0,r4
 446 0012 1060     	 str r0,[r2]
 447 0014 C322     	 mov r2,#195
 448 0016 034B     	 ldr r3,.L78+8
 449 0018 5A62     	 str r2,[r3,#36]
 450 001a 10BD     	 pop {r4,pc}
 451              	.L79:
 452              	 .align 2
 453              	.L78:
 454 001c 00030140 	 .word 1073808128
 455 0020 FFFFFEFF 	 .word -65537
 456 0024 00000140 	 .word 1073807360
 458              	 .section .text.XMC_SCU_CLOCK_SetAdcClockSrc,"ax",%progbits
 459              	 .align 1
 460              	 .global XMC_SCU_CLOCK_SetAdcClockSrc
 461              	 .code 16
 462              	 .thumb_func
 464              	XMC_SCU_CLOCK_SetAdcClockSrc:
 465 0000 10B5     	 push {r4,lr}
 466 0002 041C     	 mov r4,r0
 467 0004 FFF7FEFF 	 bl XMC_SCU_UnlockProtectedBits
 468 0008 044A     	 ldr r2,.L81
 469 000a 054B     	 ldr r3,.L81+4
 470 000c D069     	 ldr r0,[r2,#28]
 471              	 
 472 000e 1840     	 and r0,r3
 473 0010 2043     	 orr r0,r4
 474 0012 D061     	 str r0,[r2,#28]
 475 0014 C322     	 mov r2,#195
 476 0016 034B     	 ldr r3,.L81+8
 477 0018 5A62     	 str r2,[r3,#36]
 478 001a 10BD     	 pop {r4,pc}
 479              	.L82:
 480              	 .align 2
 481              	.L81:
 482 001c 00030140 	 .word 1073808128
 483 0020 FFFEFFFF 	 .word -257
 484 0024 00000140 	 .word 1073807360
 486              	 .section .text.XMC_SCU_CLOCK_GatePeripheralClock,"ax",%progbits
 487              	 .align 1
 488              	 .global XMC_SCU_CLOCK_GatePeripheralClock
 489              	 .code 16
 490              	 .thumb_func
 492              	XMC_SCU_CLOCK_GatePeripheralClock:
 493 0000 10B5     	 push {r4,lr}
 494 0002 041C     	 mov r4,r0
 495 0004 FFF7FEFF 	 bl XMC_SCU_UnlockProtectedBits
 496 0008 C322     	 mov r2,#195
 497 000a 034B     	 ldr r3,.L84
 498              	 
 499 000c D868     	 ldr r0,[r3,#12]
 500 000e 2043     	 orr r0,r4
 501 0010 D860     	 str r0,[r3,#12]
 502 0012 024B     	 ldr r3,.L84+4
 503 0014 5A62     	 str r2,[r3,#36]
 504 0016 10BD     	 pop {r4,pc}
 505              	.L85:
 506              	 .align 2
 507              	.L84:
 508 0018 00030140 	 .word 1073808128
 509 001c 00000140 	 .word 1073807360
 511              	 .section .text.XMC_SCU_CLOCK_UngatePeripheralClock,"ax",%progbits
 512              	 .align 1
 513              	 .global XMC_SCU_CLOCK_UngatePeripheralClock
 514              	 .code 16
 515              	 .thumb_func
 517              	XMC_SCU_CLOCK_UngatePeripheralClock:
 518 0000 10B5     	 push {r4,lr}
 519 0002 041C     	 mov r4,r0
 520 0004 FFF7FEFF 	 bl XMC_SCU_UnlockProtectedBits
 521 0008 054B     	 ldr r3,.L88
 522 000a 1869     	 ldr r0,[r3,#16]
 523 000c 2043     	 orr r0,r4
 524 000e 1861     	 str r0,[r3,#16]
 525              	.L87:
 526 0010 1A68     	 ldr r2,[r3]
 527 0012 5200     	 lsl r2,r2,#1
 528 0014 FCD4     	 bmi .L87
 529 0016 C322     	 mov r2,#195
 530 0018 024B     	 ldr r3,.L88+4
 531              	 
 532 001a 5A62     	 str r2,[r3,#36]
 533 001c 10BD     	 pop {r4,pc}
 534              	.L89:
 535 001e C046     	 .align 2
 536              	.L88:
 537 0020 00030140 	 .word 1073808128
 538 0024 00000140 	 .word 1073807360
 540              	 .section .text.XMC_SCU_CLOCK_IsPeripheralClockGated,"ax",%progbits
 541              	 .align 1
 542              	 .global XMC_SCU_CLOCK_IsPeripheralClockGated
 543              	 .code 16
 544              	 .thumb_func
 546              	XMC_SCU_CLOCK_IsPeripheralClockGated:
 547 0000 034B     	 ldr r3,.L91
 548              	 
 549 0002 9B68     	 ldr r3,[r3,#8]
 550 0004 1840     	 and r0,r3
 551 0006 431E     	 sub r3,r0,#1
 552 0008 9841     	 sbc r0,r0,r3
 553 000a C0B2     	 uxtb r0,r0
 554 000c 7047     	 bx lr
 555              	.L92:
 556 000e C046     	 .align 2
 557              	.L91:
 558 0010 00030140 	 .word 1073808128
 560              	 .section .text.XMC_SCU_CLOCK_ScaleMCLKFrequency,"ax",%progbits
 561              	 .align 1
 562              	 .global XMC_SCU_CLOCK_ScaleMCLKFrequency
 563              	 .code 16
 564              	 .thumb_func
 566              	XMC_SCU_CLOCK_ScaleMCLKFrequency:
 567 0000 F8B5     	 push {r3,r4,r5,r6,r7,lr}
 568 0002 0D1C     	 mov r5,r1
 569 0004 0326     	 mov r6,#3
 570 0006 041C     	 mov r4,r0
 571 0008 FFF7FEFF 	 bl XMC_SCU_UnlockProtectedBits
 572 000c 224B     	 ldr r3,.L105
 573 000e 280A     	 lsr r0,r5,#8
 574 0010 1A68     	 ldr r2,[r3]
 575 0012 D969     	 ldr r1,[r3,#28]
 576 0014 EDB2     	 uxtb r5,r5
 577 0016 B143     	 bic r1,r6
 578 0018 0143     	 orr r1,r0
 579 001a D961     	 str r1,[r3,#28]
 580 001c 1868     	 ldr r0,[r3]
 581 001e 1F49     	 ldr r1,.L105+4
 582 0020 1204     	 lsl r2,r2,#16
 583 0022 0140     	 and r1,r0
 584 0024 1E48     	 ldr r0,.L105+8
 585 0026 120E     	 lsr r2,r2,#24
 586 0028 0143     	 orr r1,r0
 587 002a 0D43     	 orr r5,r1
 588 002c 1D60     	 str r5,[r3]
 589              	.L94:
 590 002e 1968     	 ldr r1,[r3]
 591 0030 4900     	 lsl r1,r1,#1
 592 0032 FCD4     	 bmi .L94
 593 0034 1B4D     	 ldr r5,.L105+12
 594 0036 A600     	 lsl r6,r4,#2
 595 0038 A242     	 cmp r2,r4
 596 003a 1AD8     	 bhi .L96
 597              	.L99:
 598 003c 9100     	 lsl r1,r2,#2
 599 003e A142     	 cmp r1,r4
 600 0040 0DD2     	 bcs .L104
 601 0042 002A     	 cmp r2,#0
 602 0044 00D1     	 bne .L97
 603 0046 0132     	 add r2,r2,#1
 604              	.L97:
 605 0048 1968     	 ldr r1,[r3]
 606 004a 9200     	 lsl r2,r2,#2
 607 004c 2940     	 and r1,r5
 608 004e 0143     	 orr r1,r0
 609 0050 1602     	 lsl r6,r2,#8
 610 0052 3143     	 orr r1,r6
 611 0054 1960     	 str r1,[r3]
 612              	.L98:
 613 0056 1968     	 ldr r1,[r3]
 614 0058 4900     	 lsl r1,r1,#1
 615 005a FCD4     	 bmi .L98
 616 005c EEE7     	 b .L99
 617              	.L104:
 618 005e 1A68     	 ldr r2,[r3]
 619 0060 2402     	 lsl r4,r4,#8
 620 0062 2A40     	 and r2,r5
 621 0064 1043     	 orr r0,r2
 622 0066 2043     	 orr r0,r4
 623 0068 1860     	 str r0,[r3]
 624 006a 0CE0     	 b .L101
 625              	.L102:
 626 006c 1968     	 ldr r1,[r3]
 627 006e 4900     	 lsl r1,r1,#1
 628 0070 FCD4     	 bmi .L102
 629              	.L96:
 630 0072 B242     	 cmp r2,r6
 631 0074 F3D9     	 bls .L104
 632 0076 1968     	 ldr r1,[r3]
 633 0078 9208     	 lsr r2,r2,#2
 634 007a 2940     	 and r1,r5
 635 007c 0143     	 orr r1,r0
 636 007e 1702     	 lsl r7,r2,#8
 637 0080 3943     	 orr r1,r7
 638 0082 1960     	 str r1,[r3]
 639 0084 F2E7     	 b .L102
 640              	.L101:
 641 0086 1A68     	 ldr r2,[r3]
 642 0088 5200     	 lsl r2,r2,#1
 643 008a FCD4     	 bmi .L101
 644 008c C322     	 mov r2,#195
 645 008e 064B     	 ldr r3,.L105+16
 646              	 
 647 0090 5A62     	 str r2,[r3,#36]
 648 0092 FFF7FEFF 	 bl SystemCoreClockUpdate
 649 0096 F8BD     	 pop {r3,r4,r5,r6,r7,pc}
 650              	.L106:
 651              	 .align 2
 652              	.L105:
 653 0098 00030140 	 .word 1073808128
 654 009c 00FF0FC0 	 .word -1072693504
 655 00a0 0000F03F 	 .word 1072693248
 656 00a4 FF000FC0 	 .word -1072758529
 657 00a8 00000140 	 .word 1073807360
 659              	 .section .text.XMC_SCU_CLOCK_Init,"ax",%progbits
 660              	 .align 1
 661              	 .global XMC_SCU_CLOCK_Init
 662              	 .code 16
 663              	 .thumb_func
 665              	XMC_SCU_CLOCK_Init:
 666 0000 38B5     	 push {r3,r4,r5,lr}
 667 0002 041C     	 mov r4,r0
 668 0004 FFF7FEFF 	 bl XMC_SCU_UnlockProtectedBits
 669 0008 A279     	 ldrb r2,[r4,#6]
 670 000a 2C4D     	 ldr r5,.L123
 671 000c 302A     	 cmp r2,#48
 672 000e 2FD0     	 beq .L108
 673 0010 FFF7FEFF 	 bl OSCHP_GetFrequency
 674 0014 2A4B     	 ldr r3,.L123+4
 675 0016 9842     	 cmp r0,r3
 676 0018 03D9     	 bls .L109
 677 001a 4022     	 mov r2,#64
 678 001c 2B88     	 ldrh r3,[r5]
 679 001e 1343     	 orr r3,r2
 680 0020 2B80     	 strh r3,[r5]
 681              	.L109:
 682 0022 3222     	 mov r2,#50
 683 0024 2B88     	 ldrh r3,[r5]
 684 0026 9343     	 bic r3,r2
 685 0028 A279     	 ldrb r2,[r4,#6]
 686 002a 1343     	 orr r3,r2
 687 002c 2B80     	 strh r3,[r5]
 688              	.L115:
 689 002e 0223     	 mov r3,#2
 690 0030 2449     	 ldr r1,.L123+8
 691 0032 254A     	 ldr r2,.L123+12
 692 0034 8B62     	 str r3,[r1,#40]
 693 0036 254B     	 ldr r3,.L123+16
 694 0038 5869     	 ldr r0,[r3,#20]
 695 003a 0240     	 and r2,r0
 696 003c 181C     	 mov r0,r3
 697 003e 5A61     	 str r2,[r3,#20]
 698 0040 234A     	 ldr r2,.L123+20
 699              	.L110:
 700 0042 013A     	 sub r2,r2,#1
 701 0044 002A     	 cmp r2,#0
 702 0046 01D0     	 beq .L121
 703              	
 704 0048 C046     	 nop
 705              	
 706              	 .code 16
 707 004a FAE7     	 b .L110
 708              	.L121:
 709 004c C025     	 mov r5,#192
 710 004e 5A69     	 ldr r2,[r3,#20]
 711 0050 AD04     	 lsl r5,r5,#18
 712 0052 2A43     	 orr r2,r5
 713 0054 5A61     	 str r2,[r3,#20]
 714              	.L112:
 715 0056 4369     	 ldr r3,[r0,#20]
 716 0058 DB01     	 lsl r3,r3,#7
 717 005a FCD4     	 bmi .L112
 718 005c 1D4B     	 ldr r3,.L123+24
 719              	.L113:
 720 005e 013B     	 sub r3,r3,#1
 721 0060 002B     	 cmp r3,#0
 722 0062 01D0     	 beq .L122
 723              	
 724 0064 C046     	 nop
 725              	
 726              	 .code 16
 727 0066 FAE7     	 b .L113
 728              	.L122:
 729 0068 0B6A     	 ldr r3,[r1,#32]
 730 006a 9B07     	 lsl r3,r3,#30
 731 006c DFD4     	 bmi .L115
 732 006e 02E0     	 b .L116
 733              	.L108:
 734 0070 2B88     	 ldrh r3,[r5]
 735 0072 1343     	 orr r3,r2
 736 0074 2B80     	 strh r3,[r5]
 737              	.L116:
 738 0076 E379     	 ldrb r3,[r4,#7]
 739 0078 174A     	 ldr r2,.L123+28
 740 007a 99B2     	 uxth r1,r3
 741 007c 1180     	 strh r1,[r2]
 742 007e 002B     	 cmp r3,#0
 743 0080 05D1     	 bne .L118
 744 0082 164B     	 ldr r3,.L123+32
 745              	.L117:
 746 0084 013B     	 sub r3,r3,#1
 747 0086 002B     	 cmp r3,#0
 748 0088 01D0     	 beq .L118
 749              	
 750 008a C046     	 nop
 751              	
 752              	 .code 16
 753 008c FAE7     	 b .L117
 754              	.L118:
 755 008e 0F49     	 ldr r1,.L123+16
 756 0090 134A     	 ldr r2,.L123+36
 757 0092 CB69     	 ldr r3,[r1,#28]
 758 0094 A088     	 ldrh r0,[r4,#4]
 759 0096 1340     	 and r3,r2
 760 0098 0343     	 orr r3,r0
 761 009a E268     	 ldr r2,[r4,#12]
 762 009c A068     	 ldr r0,[r4,#8]
 763 009e CB61     	 str r3,[r1,#28]
 764 00a0 0B68     	 ldr r3,[r1]
 765 00a2 1043     	 orr r0,r2
 766 00a4 0F4A     	 ldr r2,.L123+40
 767              	 
 768 00a6 1340     	 and r3,r2
 769 00a8 C322     	 mov r2,#195
 770 00aa 0343     	 orr r3,r0
 771 00ac 0B60     	 str r3,[r1]
 772 00ae 0E4B     	 ldr r3,.L123+44
 773 00b0 5A62     	 str r2,[r3,#36]
 774 00b2 A078     	 ldrb r0,[r4,#2]
 775 00b4 2188     	 ldrh r1,[r4]
 776 00b6 FFF7FEFF 	 bl XMC_SCU_CLOCK_ScaleMCLKFrequency
 777 00ba 38BD     	 pop {r3,r4,r5,pc}
 778              	.L124:
 779              	 .align 2
 780              	.L123:
 781 00bc 90100140 	 .word 1073811600
 782 00c0 002D3101 	 .word 20000000
 783 00c4 38000140 	 .word 1073807416
 784 00c8 FFFFFFFD 	 .word -33554433
 785 00cc 00030140 	 .word 1073808128
 786 00d0 1A020000 	 .word 538
 787 00d4 7D0A0000 	 .word 2685
 788 00d8 8C100140 	 .word 1073811596
 789 00dc A02E6300 	 .word 6500000
 790 00e0 FFFDFFFF 	 .word -513
 791 00e4 FFFFF0FF 	 .word -983041
 792 00e8 00000140 	 .word 1073807360
 794              	 .global __aeabi_uidiv
 795              	 .section .text.XMC_SCU_CLOCK_SetMCLKFrequency,"ax",%progbits
 796              	 .align 1
 797              	 .global XMC_SCU_CLOCK_SetMCLKFrequency
 798              	 .code 16
 799              	 .thumb_func
 801              	XMC_SCU_CLOCK_SetMCLKFrequency:
 802 0000 0E4B     	 ldr r3,.L130
 803 0002 10B5     	 push {r4,lr}
 804 0004 DB69     	 ldr r3,[r3,#28]
 805 0006 041C     	 mov r4,r0
 806 0008 9B05     	 lsl r3,r3,#22
 807 000a 01D4     	 bmi .L126
 808 000c 0C48     	 ldr r0,.L130+4
 809 000e 06E0     	 b .L129
 810              	.L126:
 811 0010 FFF7FEFF 	 bl OSCHP_GetFrequency
 812 0014 FA21     	 mov r1,#250
 813 0016 8900     	 lsl r1,r1,#2
 814 0018 FFF7FEFF 	 bl __aeabi_uidiv
 815 001c 8002     	 lsl r0,r0,#10
 816              	.L129:
 817 001e 211C     	 mov r1,r4
 818 0020 FFF7FEFF 	 bl __aeabi_uidiv
 819 0024 074B     	 ldr r3,.L130+8
 820 0026 011E     	 sub r1,r0,#0
 821 0028 9942     	 cmp r1,r3
 822 002a 00D9     	 bls .L128
 823 002c 191C     	 mov r1,r3
 824              	.L128:
 825 002e 880A     	 lsr r0,r1,#10
 826 0030 8905     	 lsl r1,r1,#22
 827 0032 890D     	 lsr r1,r1,#22
 828 0034 FFF7FEFF 	 bl XMC_SCU_CLOCK_ScaleMCLKFrequency
 829              	 
 830 0038 10BD     	 pop {r4,pc}
 831              	.L131:
 832 003a C046     	 .align 2
 833              	.L130:
 834 003c 00030140 	 .word 1073808128
 835 0040 0000EE02 	 .word 49152000
 836 0044 FFFFFF00 	 .word 16777215
 838              	 .section .text.XMC_SCU_CLOCK_GetPeripheralClockFrequency,"ax",%progbits
 839              	 .align 1
 840              	 .global XMC_SCU_CLOCK_GetPeripheralClockFrequency
 841              	 .code 16
 842              	 .thumb_func
 844              	XMC_SCU_CLOCK_GetPeripheralClockFrequency:
 845 0000 014B     	 ldr r3,.L133
 846              	 
 847 0002 1868     	 ldr r0,[r3]
 848 0004 7047     	 bx lr
 849              	.L134:
 850 0006 C046     	 .align 2
 851              	.L133:
 852 0008 00000000 	 .word SystemCoreClock
 854              	 .section .text.XMC_SCU_CLOCK_GetFastPeripheralClockFrequency,"ax",%progbits
 855              	 .align 1
 856              	 .global XMC_SCU_CLOCK_GetFastPeripheralClockFrequency
 857              	 .code 16
 858              	 .thumb_func
 860              	XMC_SCU_CLOCK_GetFastPeripheralClockFrequency:
 861 0000 044B     	 ldr r3,.L136
 862              	 
 863 0002 1868     	 ldr r0,[r3]
 864 0004 044B     	 ldr r3,.L136+4
 865 0006 C003     	 lsl r0,r0,#15
 866 0008 1B68     	 ldr r3,[r3]
 867 000a C00F     	 lsr r0,r0,#31
 868 000c 8340     	 lsl r3,r3,r0
 869 000e 181C     	 mov r0,r3
 870 0010 7047     	 bx lr
 871              	.L137:
 872 0012 C046     	 .align 2
 873              	.L136:
 874 0014 00030140 	 .word 1073808128
 875 0018 00000000 	 .word SystemCoreClock
 877              	 .global __aeabi_idiv
 878              	 .section .text.XMC_SCU_CLOCK_CalibrateOscillatorOnTemperature,"ax",%progbits
 879              	 .align 1
 880              	 .global XMC_SCU_CLOCK_CalibrateOscillatorOnTemperature
 881              	 .code 16
 882              	 .thumb_func
 884              	XMC_SCU_CLOCK_CalibrateOscillatorOnTemperature:
 885 0000 10B5     	 push {r4,lr}
 886 0002 0C4B     	 ldr r3,.L139
 887              	 
 888 0004 1C78     	 ldrb r4,[r3]
 889 0006 0C4B     	 ldr r3,.L139+4
 890 0008 1978     	 ldrb r1,[r3]
 891 000a 0C4B     	 ldr r3,.L139+8
 892 000c 401A     	 sub r0,r0,r1
 893 000e 1B78     	 ldrb r3,[r3]
 894 0010 1B1B     	 sub r3,r3,r4
 895 0012 5843     	 mul r0,r3
 896 0014 0A4B     	 ldr r3,.L139+12
 897 0016 1B78     	 ldrb r3,[r3]
 898 0018 591A     	 sub r1,r3,r1
 899 001a FFF7FEFF 	 bl __aeabi_idiv
 900 001e 2418     	 add r4,r4,r0
 901 0020 FFF7FEFF 	 bl XMC_SCU_UnlockProtectedBits
 902 0024 7F20     	 mov r0,#127
 903 0026 C322     	 mov r2,#195
 904 0028 064B     	 ldr r3,.L139+16
 905 002a 2040     	 and r0,r4
 906 002c 1880     	 strh r0,[r3]
 907 002e 064B     	 ldr r3,.L139+20
 908 0030 5A62     	 str r2,[r3,#36]
 909 0032 10BD     	 pop {r4,pc}
 910              	.L140:
 911              	 .align 2
 912              	.L139:
 913 0034 320F0010 	 .word 268439346
 914 0038 300F0010 	 .word 268439344
 915 003c 330F0010 	 .word 268439347
 916 0040 310F0010 	 .word 268439345
 917 0044 6C100140 	 .word 1073811564
 918 0048 00000140 	 .word 1073807360
 920              	 .global __aeabi_llsr
 921              	 .section .text.XMC_SCU_INTERRUPT_SetEventHandler,"ax",%progbits
 922              	 .align 1
 923              	 .global XMC_SCU_INTERRUPT_SetEventHandler
 924              	 .code 16
 925              	 .thumb_func
 927              	XMC_SCU_INTERRUPT_SetEventHandler:
 928 0000 F8B5     	 push {r3,r4,r5,r6,r7,lr}
 929 0002 061C     	 mov r6,r0
 930 0004 0F1C     	 mov r7,r1
 931 0006 151C     	 mov r5,r2
 932 0008 0024     	 mov r4,#0
 933              	.L142:
 934 000a 301C     	 mov r0,r6
 935 000c 391C     	 mov r1,r7
 936 000e 221C     	 mov r2,r4
 937 0010 FFF7FEFF 	 bl __aeabi_llsr
 938 0014 031C     	 mov r3,r0
 939 0016 0120     	 mov r0,#1
 940 0018 0342     	 tst r3,r0
 941 001a 03D1     	 bne .L143
 942 001c 402C     	 cmp r4,#64
 943 001e 07D0     	 beq .L145
 944 0020 0134     	 add r4,r4,#1
 945 0022 F2E7     	 b .L142
 946              	.L143:
 947 0024 402C     	 cmp r4,#64
 948 0026 03D0     	 beq .L145
 949 0028 0020     	 mov r0,#0
 950 002a 024B     	 ldr r3,.L148
 951 002c A400     	 lsl r4,r4,#2
 952 002e E550     	 str r5,[r4,r3]
 953              	.L145:
 954              	 
 955 0030 F8BD     	 pop {r3,r4,r5,r6,r7,pc}
 956              	.L149:
 957 0032 C046     	 .align 2
 958              	.L148:
 959 0034 00000000 	 .word .LANCHOR0
 961              	 .global __aeabi_llsl
 962              	 .section .text.XMC_SCU_IRQHandler,"ax",%progbits
 963              	 .align 1
 964              	 .global XMC_SCU_IRQHandler
 965              	 .code 16
 966              	 .thumb_func
 968              	XMC_SCU_IRQHandler:
 969 0000 70B5     	 push {r4,r5,r6,lr}
 970 0002 061C     	 mov r6,r0
 971 0004 FFF7FEFF 	 bl XMC_SCU_INTERUPT_GetEventStatus
 972 0008 134B     	 ldr r3,.L166
 973 000a F600     	 lsl r6,r6,#3
 974 000c 9B19     	 add r3,r3,r6
 975 000e 1C68     	 ldr r4,[r3]
 976 0010 5B68     	 ldr r3,[r3,#4]
 977 0012 0440     	 and r4,r0
 978 0014 1940     	 and r1,r3
 979 0016 201C     	 mov r0,r4
 980 0018 0D1C     	 mov r5,r1
 981 001a 0026     	 mov r6,#0
 982 001c FFF7FEFF 	 bl XMC_SCU_INTERRUPT_ClearEventStatus
 983              	.L151:
 984 0020 231C     	 mov r3,r4
 985 0022 2B43     	 orr r3,r5
 986 0024 17D0     	 beq .L150
 987 0026 402E     	 cmp r6,#64
 988 0028 15D0     	 beq .L150
 989 002a 201C     	 mov r0,r4
 990 002c 291C     	 mov r1,r5
 991 002e 321C     	 mov r2,r6
 992 0030 FFF7FEFF 	 bl __aeabi_llsr
 993 0034 C307     	 lsl r3,r0,#31
 994 0036 0CD5     	 bpl .L152
 995 0038 321C     	 mov r2,r6
 996 003a 0120     	 mov r0,#1
 997 003c 0021     	 mov r1,#0
 998 003e FFF7FEFF 	 bl __aeabi_llsl
 999 0042 064B     	 ldr r3,.L166+4
 1000 0044 B200     	 lsl r2,r6,#2
 1001 0046 D358     	 ldr r3,[r2,r3]
 1002 0048 8443     	 bic r4,r0
 1003 004a 8D43     	 bic r5,r1
 1004 004c 002B     	 cmp r3,#0
 1005 004e 00D0     	 beq .L152
 1006 0050 9847     	 blx r3
 1007              	.L152:
 1008 0052 0136     	 add r6,r6,#1
 1009 0054 E4E7     	 b .L151
 1010              	.L150:
 1011              	 
 1012 0056 70BD     	 pop {r4,r5,r6,pc}
 1013              	.L167:
 1014              	 .align 2
 1015              	.L166:
 1016 0058 00000000 	 .word .LANCHOR1
 1017 005c 00000000 	 .word .LANCHOR0
 1019              	 .section .text.XMC_SCU_SetBMI,"ax",%progbits
 1020              	 .align 1
 1021              	 .global XMC_SCU_SetBMI
 1022              	 .code 16
 1023              	 .thumb_func
 1025              	XMC_SCU_SetBMI:
 1026 0000 08B5     	 push {r3,lr}
 1027 0002 8423     	 mov r3,#132
 1028 0004 0907     	 lsl r1,r1,#28
 1029 0006 0005     	 lsl r0,r0,#20
 1030 0008 090C     	 lsr r1,r1,#16
 1031 000a 000D     	 lsr r0,r0,#20
 1032 000c 5B00     	 lsl r3,r3,#1
 1033 000e 0843     	 orr r0,r1
 1034 0010 1B68     	 ldr r3,[r3]
 1035 0012 9847     	 blx r3
 1036              	 
 1037 0014 08BD     	 pop {r3,pc}
 1039              	 .section .text.XMC_SCU_CLOCK_EnableDCO1ExtRefCalibration,"ax",%progbits
 1040              	 .align 1
 1041              	 .global XMC_SCU_CLOCK_EnableDCO1ExtRefCalibration
 1042              	 .code 16
 1043              	 .thumb_func
 1045              	XMC_SCU_CLOCK_EnableDCO1ExtRefCalibration:
 1046 0000 70B5     	 push {r4,r5,r6,lr}
 1047 0002 051C     	 mov r5,r0
 1048 0004 0E1C     	 mov r6,r1
 1049 0006 141C     	 mov r4,r2
 1050 0008 FFF7FEFF 	 bl XMC_SCU_UnlockProtectedBits
 1051 000c 074B     	 ldr r3,.L170
 1052 000e B6B2     	 uxth r6,r6
 1053 0010 1A1C     	 mov r2,r3
 1054 0012 7C32     	 add r2,r2,#124
 1055 0014 1680     	 strh r6,[r2]
 1056 0016 8022     	 mov r2,#128
 1057 0018 D201     	 lsl r2,r2,#7
 1058 001a 1543     	 orr r5,r2
 1059 001c C322     	 mov r2,#195
 1060 001e 2C43     	 orr r4,r5
 1061 0020 A4B2     	 uxth r4,r4
 1062 0022 7833     	 add r3,r3,#120
 1063 0024 1C80     	 strh r4,[r3]
 1064 0026 024B     	 ldr r3,.L170+4
 1065              	 
 1066 0028 5A62     	 str r2,[r3,#36]
 1067 002a 70BD     	 pop {r4,r5,r6,pc}
 1068              	.L171:
 1069              	 .align 2
 1070              	.L170:
 1071 002c 00100140 	 .word 1073811456
 1072 0030 00000140 	 .word 1073807360
 1074              	 .section .text.XMC_SCU_CLOCK_DisableDCO1ExtRefCalibration,"ax",%progbits
 1075              	 .align 1
 1076              	 .global XMC_SCU_CLOCK_DisableDCO1ExtRefCalibration
 1077              	 .code 16
 1078              	 .thumb_func
 1080              	XMC_SCU_CLOCK_DisableDCO1ExtRefCalibration:
 1081 0000 08B5     	 push {r3,lr}
 1082 0002 FFF7FEFF 	 bl XMC_SCU_UnlockProtectedBits
 1083 0006 054B     	 ldr r3,.L173
 1084 0008 0022     	 mov r2,#0
 1085 000a 191C     	 mov r1,r3
 1086 000c 7833     	 add r3,r3,#120
 1087 000e 7C31     	 add r1,r1,#124
 1088 0010 0A80     	 strh r2,[r1]
 1089 0012 1A80     	 strh r2,[r3]
 1090 0014 024B     	 ldr r3,.L173+4
 1091 0016 C332     	 add r2,r2,#195
 1092 0018 5A62     	 str r2,[r3,#36]
 1093              	 
 1094 001a 08BD     	 pop {r3,pc}
 1095              	.L174:
 1096              	 .align 2
 1097              	.L173:
 1098 001c 00100140 	 .word 1073811456
 1099 0020 00000140 	 .word 1073807360
 1101              	 .section .text.XMC_SCU_CLOCK_IsDCO1ExtRefCalibrationReady,"ax",%progbits
 1102              	 .align 1
 1103              	 .global XMC_SCU_CLOCK_IsDCO1ExtRefCalibrationReady
 1104              	 .code 16
 1105              	 .thumb_func
 1107              	XMC_SCU_CLOCK_IsDCO1ExtRefCalibrationReady:
 1108 0000 024B     	 ldr r3,.L176
 1109              	 
 1110 0002 1888     	 ldrh r0,[r3]
 1111 0004 C004     	 lsl r0,r0,#19
 1112 0006 C00F     	 lsr r0,r0,#31
 1113 0008 7047     	 bx lr
 1114              	.L177:
 1115 000a C046     	 .align 2
 1116              	.L176:
 1117 000c 7C100140 	 .word 1073811580
 1119              	 .section .text.XMC_SCU_SetInterruptControl,"ax",%progbits
 1120              	 .align 1
 1121              	 .global XMC_SCU_SetInterruptControl
 1122              	 .code 16
 1123              	 .thumb_func
 1125              	XMC_SCU_SetInterruptControl:
 1126 0000 0323     	 mov r3,#3
 1127 0002 30B5     	 push {r4,r5,lr}
 1128 0004 1940     	 and r1,r3
 1129 0006 0B4A     	 ldr r2,.L181
 1130 0008 0F28     	 cmp r0,#15
 1131 000a 08D8     	 bhi .L179
 1132 000c 4000     	 lsl r0,r0,#1
 1133 000e 8140     	 lsl r1,r1,r0
 1134 0010 8340     	 lsl r3,r3,r0
 1135 0012 081C     	 mov r0,r1
 1136 0014 D46E     	 ldr r4,[r2,#108]
 1137 0016 9C43     	 bic r4,r3
 1138 0018 2043     	 orr r0,r4
 1139 001a D066     	 str r0,[r2,#108]
 1140 001c 09E0     	 b .L178
 1141              	.L179:
 1142 001e 0F24     	 mov r4,#15
 1143 0020 2040     	 and r0,r4
 1144 0022 4400     	 lsl r4,r0,#1
 1145 0024 A140     	 lsl r1,r1,r4
 1146 0026 A340     	 lsl r3,r3,r4
 1147 0028 081C     	 mov r0,r1
 1148 002a 156F     	 ldr r5,[r2,#112]
 1149 002c 9D43     	 bic r5,r3
 1150 002e 2843     	 orr r0,r5
 1151 0030 1067     	 str r0,[r2,#112]
 1152              	.L178:
 1153              	 
 1154 0032 30BD     	 pop {r4,r5,pc}
 1155              	.L182:
 1156              	 .align 2
 1157              	.L181:
 1158 0034 00000140 	 .word 1073807360
 1160              	 .section .text.XMC_SCU_CLOCK_SetHighPerformanceOscillatorMode,"ax",%progbits
 1161              	 .align 1
 1162              	 .global XMC_SCU_CLOCK_SetHighPerformanceOscillatorMode
 1163              	 .code 16
 1164              	 .thumb_func
 1166              	XMC_SCU_CLOCK_SetHighPerformanceOscillatorMode:
 1167 0000 10B5     	 push {r4,lr}
 1168 0002 041C     	 mov r4,r0
 1169 0004 FFF7FEFF 	 bl XMC_SCU_UnlockProtectedBits
 1170 0008 3222     	 mov r2,#50
 1171 000a 044B     	 ldr r3,.L184
 1172              	 
 1173 000c 1888     	 ldrh r0,[r3]
 1174 000e 9043     	 bic r0,r2
 1175 0010 2043     	 orr r0,r4
 1176 0012 1880     	 strh r0,[r3]
 1177 0014 024B     	 ldr r3,.L184+4
 1178 0016 9132     	 add r2,r2,#145
 1179 0018 5A62     	 str r2,[r3,#36]
 1180 001a 10BD     	 pop {r4,pc}
 1181              	.L185:
 1182              	 .align 2
 1183              	.L184:
 1184 001c 90100140 	 .word 1073811600
 1185 0020 00000140 	 .word 1073807360
 1187              	 .section .text.XMC_SCU_CLOCK_SetLowPerformanceOscillatorMode,"ax",%progbits
 1188              	 .align 1
 1189              	 .global XMC_SCU_CLOCK_SetLowPerformanceOscillatorMode
 1190              	 .code 16
 1191              	 .thumb_func
 1193              	XMC_SCU_CLOCK_SetLowPerformanceOscillatorMode:
 1194 0000 014B     	 ldr r3,.L187
 1195 0002 80B2     	 uxth r0,r0
 1196 0004 1880     	 strh r0,[r3]
 1197              	 
 1198 0006 7047     	 bx lr
 1199              	.L188:
 1200              	 .align 2
 1201              	.L187:
 1202 0008 8C100140 	 .word 1073811596
 1204              	 .section .bss.event_handler_list,"aw",%nobits
 1205              	 .align 2
 1206              	 .set .LANCHOR0,.+0
 1209              	event_handler_list:
 1210 0000 00000000 	 .space 256
 1210      00000000 
 1210      00000000 
 1210      00000000 
 1210      00000000 
 1211              	 .section .rodata.event_masks,"a",%progbits
 1212              	 .align 3
 1213              	 .set .LANCHOR1,.+0
 1216              	event_masks:
 1217 0000 00001F00 	 .word 2031616
 1218 0004 06000000 	 .word 6
 1219 0008 8F0060FF 	 .word -10485617
 1220 000c 10000000 	 .word 16
 1221 0010 70FF0000 	 .word 65392
 1222 0014 01000000 	 .word 1
 1223              	 .ident "GCC: (GNU Tools for ARM Embedded Processors) 4.9.3 20141119 (release) [ARM/embedded-4_9-branch revision 218278]"
DEFINED SYMBOLS
                            *ABS*:00000000 xmc1_scu.c
    {standard input}:15     .text.XMC_SCU_CalcTSEVAR:00000000 $t
    {standard input}:19     .text.XMC_SCU_CalcTSEVAR:00000000 XMC_SCU_CalcTSEVAR
    {standard input}:41     .text.XMC_SCU_INTERRUPT_EnableEvent:00000000 $t
    {standard input}:46     .text.XMC_SCU_INTERRUPT_EnableEvent:00000000 XMC_SCU_INTERRUPT_EnableEvent
    {standard input}:59     .text.XMC_SCU_INTERRUPT_EnableEvent:00000010 $d
    {standard input}:62     .text.XMC_SCU_INTERRUPT_DisableEvent:00000000 $t
    {standard input}:67     .text.XMC_SCU_INTERRUPT_DisableEvent:00000000 XMC_SCU_INTERRUPT_DisableEvent
    {standard input}:80     .text.XMC_SCU_INTERRUPT_DisableEvent:00000010 $d
    {standard input}:83     .text.XMC_SCU_INTERRUPT_TriggerEvent:00000000 $t
    {standard input}:88     .text.XMC_SCU_INTERRUPT_TriggerEvent:00000000 XMC_SCU_INTERRUPT_TriggerEvent
    {standard input}:101    .text.XMC_SCU_INTERRUPT_TriggerEvent:00000010 $d
    {standard input}:104    .text.XMC_SCU_INTERUPT_GetEventStatus:00000000 $t
    {standard input}:109    .text.XMC_SCU_INTERUPT_GetEventStatus:00000000 XMC_SCU_INTERUPT_GetEventStatus
    {standard input}:118    .text.XMC_SCU_INTERUPT_GetEventStatus:00000008 $d
    {standard input}:121    .text.XMC_SCU_INTERRUPT_ClearEventStatus:00000000 $t
    {standard input}:126    .text.XMC_SCU_INTERRUPT_ClearEventStatus:00000000 XMC_SCU_INTERRUPT_ClearEventStatus
    {standard input}:139    .text.XMC_SCU_INTERRUPT_ClearEventStatus:00000010 $d
    {standard input}:142    .text.XMC_SCU_LockProtectedBits:00000000 $t
    {standard input}:147    .text.XMC_SCU_LockProtectedBits:00000000 XMC_SCU_LockProtectedBits
    {standard input}:156    .text.XMC_SCU_LockProtectedBits:00000008 $d
    {standard input}:159    .text.XMC_SCU_UnlockProtectedBits:00000000 $t
    {standard input}:164    .text.XMC_SCU_UnlockProtectedBits:00000000 XMC_SCU_UnlockProtectedBits
    {standard input}:177    .text.XMC_SCU_UnlockProtectedBits:00000010 $d
    {standard input}:180    .text.XMC_SCU_SupplyMonitorInit:00000000 $t
    {standard input}:185    .text.XMC_SCU_SupplyMonitorInit:00000000 XMC_SCU_SupplyMonitorInit
    {standard input}:225    .text.XMC_SCU_SupplyMonitorInit:00000040 $d
    {standard input}:229    .text.XMC_SCU_SetTempLowLimit:00000000 $t
    {standard input}:234    .text.XMC_SCU_SetTempLowLimit:00000000 XMC_SCU_SetTempLowLimit
    {standard input}:251    .text.XMC_SCU_SetTempLowLimit:00000018 $d
    {standard input}:254    .text.XMC_SCU_SetTempHighLimit:00000000 $t
    {standard input}:259    .text.XMC_SCU_SetTempHighLimit:00000000 XMC_SCU_SetTempHighLimit
    {standard input}:276    .text.XMC_SCU_SetTempHighLimit:00000018 $d
    {standard input}:279    .text.XMC_SCU_SetRawTempLimits:00000000 $t
    {standard input}:284    .text.XMC_SCU_SetRawTempLimits:00000000 XMC_SCU_SetRawTempLimits
    {standard input}:295    .text.XMC_SCU_SetRawTempLimits:0000000c $d
    {standard input}:298    .text.XMC_SCU_StartTempMeasurement:00000000 $t
    {standard input}:303    .text.XMC_SCU_StartTempMeasurement:00000000 XMC_SCU_StartTempMeasurement
    {standard input}:314    .text.XMC_SCU_StartTempMeasurement:0000000c $d
    {standard input}:317    .text.XMC_SCU_StopTempMeasurement:00000000 $t
    {standard input}:322    .text.XMC_SCU_StopTempMeasurement:00000000 XMC_SCU_StopTempMeasurement
    {standard input}:333    .text.XMC_SCU_StopTempMeasurement:0000000c $d
    {standard input}:336    .text.XMC_SCU_HighTemperature:00000000 $t
    {standard input}:341    .text.XMC_SCU_HighTemperature:00000000 XMC_SCU_HighTemperature
    {standard input}:351    .text.XMC_SCU_HighTemperature:0000000c $d
    {standard input}:354    .text.XMC_SCU_LowTemperature:00000000 $t
    {standard input}:359    .text.XMC_SCU_LowTemperature:00000000 XMC_SCU_LowTemperature
    {standard input}:368    .text.XMC_SCU_LowTemperature:00000008 $d
    {standard input}:371    .text.XMC_SCU_GetTemperature:00000000 $t
    {standard input}:376    .text.XMC_SCU_GetTemperature:00000000 XMC_SCU_GetTemperature
    {standard input}:385    .text.XMC_SCU_GetTemperature:00000008 $d
    {standard input}:388    .text.XMC_SCU_CalcTemperature:00000000 $t
    {standard input}:393    .text.XMC_SCU_CalcTemperature:00000000 XMC_SCU_CalcTemperature
    {standard input}:403    .text.XMC_SCU_CLOCK_SetRtcClockSource:00000000 $t
    {standard input}:408    .text.XMC_SCU_CLOCK_SetRtcClockSource:00000000 XMC_SCU_CLOCK_SetRtcClockSource
    {standard input}:426    .text.XMC_SCU_CLOCK_SetRtcClockSource:0000001c $d
    {standard input}:431    .text.XMC_SCU_CLOCK_SetFastPeripheralClockSource:00000000 $t
    {standard input}:436    .text.XMC_SCU_CLOCK_SetFastPeripheralClockSource:00000000 XMC_SCU_CLOCK_SetFastPeripheralClockSource
    {standard input}:454    .text.XMC_SCU_CLOCK_SetFastPeripheralClockSource:0000001c $d
    {standard input}:459    .text.XMC_SCU_CLOCK_SetAdcClockSrc:00000000 $t
    {standard input}:464    .text.XMC_SCU_CLOCK_SetAdcClockSrc:00000000 XMC_SCU_CLOCK_SetAdcClockSrc
    {standard input}:482    .text.XMC_SCU_CLOCK_SetAdcClockSrc:0000001c $d
    {standard input}:487    .text.XMC_SCU_CLOCK_GatePeripheralClock:00000000 $t
    {standard input}:492    .text.XMC_SCU_CLOCK_GatePeripheralClock:00000000 XMC_SCU_CLOCK_GatePeripheralClock
    {standard input}:508    .text.XMC_SCU_CLOCK_GatePeripheralClock:00000018 $d
    {standard input}:512    .text.XMC_SCU_CLOCK_UngatePeripheralClock:00000000 $t
    {standard input}:517    .text.XMC_SCU_CLOCK_UngatePeripheralClock:00000000 XMC_SCU_CLOCK_UngatePeripheralClock
    {standard input}:537    .text.XMC_SCU_CLOCK_UngatePeripheralClock:00000020 $d
    {standard input}:541    .text.XMC_SCU_CLOCK_IsPeripheralClockGated:00000000 $t
    {standard input}:546    .text.XMC_SCU_CLOCK_IsPeripheralClockGated:00000000 XMC_SCU_CLOCK_IsPeripheralClockGated
    {standard input}:558    .text.XMC_SCU_CLOCK_IsPeripheralClockGated:00000010 $d
    {standard input}:561    .text.XMC_SCU_CLOCK_ScaleMCLKFrequency:00000000 $t
    {standard input}:566    .text.XMC_SCU_CLOCK_ScaleMCLKFrequency:00000000 XMC_SCU_CLOCK_ScaleMCLKFrequency
    {standard input}:653    .text.XMC_SCU_CLOCK_ScaleMCLKFrequency:00000098 $d
    {standard input}:660    .text.XMC_SCU_CLOCK_Init:00000000 $t
    {standard input}:665    .text.XMC_SCU_CLOCK_Init:00000000 XMC_SCU_CLOCK_Init
    {standard input}:781    .text.XMC_SCU_CLOCK_Init:000000bc $d
    {standard input}:796    .text.XMC_SCU_CLOCK_SetMCLKFrequency:00000000 $t
    {standard input}:801    .text.XMC_SCU_CLOCK_SetMCLKFrequency:00000000 XMC_SCU_CLOCK_SetMCLKFrequency
    {standard input}:834    .text.XMC_SCU_CLOCK_SetMCLKFrequency:0000003c $d
    {standard input}:839    .text.XMC_SCU_CLOCK_GetPeripheralClockFrequency:00000000 $t
    {standard input}:844    .text.XMC_SCU_CLOCK_GetPeripheralClockFrequency:00000000 XMC_SCU_CLOCK_GetPeripheralClockFrequency
    {standard input}:852    .text.XMC_SCU_CLOCK_GetPeripheralClockFrequency:00000008 $d
    {standard input}:855    .text.XMC_SCU_CLOCK_GetFastPeripheralClockFrequency:00000000 $t
    {standard input}:860    .text.XMC_SCU_CLOCK_GetFastPeripheralClockFrequency:00000000 XMC_SCU_CLOCK_GetFastPeripheralClockFrequency
    {standard input}:874    .text.XMC_SCU_CLOCK_GetFastPeripheralClockFrequency:00000014 $d
    {standard input}:879    .text.XMC_SCU_CLOCK_CalibrateOscillatorOnTemperature:00000000 $t
    {standard input}:884    .text.XMC_SCU_CLOCK_CalibrateOscillatorOnTemperature:00000000 XMC_SCU_CLOCK_CalibrateOscillatorOnTemperature
    {standard input}:913    .text.XMC_SCU_CLOCK_CalibrateOscillatorOnTemperature:00000034 $d
    {standard input}:922    .text.XMC_SCU_INTERRUPT_SetEventHandler:00000000 $t
    {standard input}:927    .text.XMC_SCU_INTERRUPT_SetEventHandler:00000000 XMC_SCU_INTERRUPT_SetEventHandler
    {standard input}:959    .text.XMC_SCU_INTERRUPT_SetEventHandler:00000034 $d
    {standard input}:963    .text.XMC_SCU_IRQHandler:00000000 $t
    {standard input}:968    .text.XMC_SCU_IRQHandler:00000000 XMC_SCU_IRQHandler
    {standard input}:1016   .text.XMC_SCU_IRQHandler:00000058 $d
    {standard input}:1020   .text.XMC_SCU_SetBMI:00000000 $t
    {standard input}:1025   .text.XMC_SCU_SetBMI:00000000 XMC_SCU_SetBMI
    {standard input}:1040   .text.XMC_SCU_CLOCK_EnableDCO1ExtRefCalibration:00000000 $t
    {standard input}:1045   .text.XMC_SCU_CLOCK_EnableDCO1ExtRefCalibration:00000000 XMC_SCU_CLOCK_EnableDCO1ExtRefCalibration
    {standard input}:1071   .text.XMC_SCU_CLOCK_EnableDCO1ExtRefCalibration:0000002c $d
    {standard input}:1075   .text.XMC_SCU_CLOCK_DisableDCO1ExtRefCalibration:00000000 $t
    {standard input}:1080   .text.XMC_SCU_CLOCK_DisableDCO1ExtRefCalibration:00000000 XMC_SCU_CLOCK_DisableDCO1ExtRefCalibration
    {standard input}:1098   .text.XMC_SCU_CLOCK_DisableDCO1ExtRefCalibration:0000001c $d
    {standard input}:1102   .text.XMC_SCU_CLOCK_IsDCO1ExtRefCalibrationReady:00000000 $t
    {standard input}:1107   .text.XMC_SCU_CLOCK_IsDCO1ExtRefCalibrationReady:00000000 XMC_SCU_CLOCK_IsDCO1ExtRefCalibrationReady
    {standard input}:1117   .text.XMC_SCU_CLOCK_IsDCO1ExtRefCalibrationReady:0000000c $d
    {standard input}:1120   .text.XMC_SCU_SetInterruptControl:00000000 $t
    {standard input}:1125   .text.XMC_SCU_SetInterruptControl:00000000 XMC_SCU_SetInterruptControl
    {standard input}:1158   .text.XMC_SCU_SetInterruptControl:00000034 $d
    {standard input}:1161   .text.XMC_SCU_CLOCK_SetHighPerformanceOscillatorMode:00000000 $t
    {standard input}:1166   .text.XMC_SCU_CLOCK_SetHighPerformanceOscillatorMode:00000000 XMC_SCU_CLOCK_SetHighPerformanceOscillatorMode
    {standard input}:1184   .text.XMC_SCU_CLOCK_SetHighPerformanceOscillatorMode:0000001c $d
    {standard input}:1188   .text.XMC_SCU_CLOCK_SetLowPerformanceOscillatorMode:00000000 $t
    {standard input}:1193   .text.XMC_SCU_CLOCK_SetLowPerformanceOscillatorMode:00000000 XMC_SCU_CLOCK_SetLowPerformanceOscillatorMode
    {standard input}:1202   .text.XMC_SCU_CLOCK_SetLowPerformanceOscillatorMode:00000008 $d
    {standard input}:1205   .bss.event_handler_list:00000000 $d
    {standard input}:1209   .bss.event_handler_list:00000000 event_handler_list
    {standard input}:1212   .rodata.event_masks:00000000 $d
    {standard input}:1216   .rodata.event_masks:00000000 event_masks

UNDEFINED SYMBOLS
SystemCoreClockUpdate
OSCHP_GetFrequency
__aeabi_uidiv
SystemCoreClock
__aeabi_idiv
__aeabi_llsr
__aeabi_llsl
