   1              	 .cpu cortex-m0
   2              	 .fpu softvfp
   3              	 .eabi_attribute 20,1
   4              	 .eabi_attribute 21,1
   5              	 .eabi_attribute 23,3
   6              	 .eabi_attribute 24,1
   7              	 .eabi_attribute 25,1
   8              	 .eabi_attribute 26,1
   9              	 .eabi_attribute 30,4
  10              	 .eabi_attribute 34,0
  11              	 .eabi_attribute 18,4
  12              	 .code 16
  13              	 .file "xmc_usic.c"
  14              	 .section .text.XMC_USIC_Enable.part.0,"ax",%progbits
  15              	 .align 1
  16              	 .code 16
  17              	 .thumb_func
  19              	XMC_USIC_Enable.part.0:
  20 0000 08B5     	 push {r3,lr}
  21 0002 0820     	 mov r0,#8
  22 0004 FFF7FEFF 	 bl XMC_SCU_CLOCK_UngatePeripheralClock
  23              	.L2:
  24 0008 0820     	 mov r0,#8
  25 000a FFF7FEFF 	 bl XMC_SCU_CLOCK_IsPeripheralClockGated
  26 000e 0028     	 cmp r0,#0
  27 0010 FAD1     	 bne .L2
  28              	 
  29 0012 08BD     	 pop {r3,pc}
  31              	 .section .text.XMC_USIC_CH_Disable,"ax",%progbits
  32              	 .align 1
  33              	 .global XMC_USIC_CH_Disable
  34              	 .code 16
  35              	 .thumb_func
  37              	XMC_USIC_CH_Disable:
  38 0000 0322     	 mov r2,#3
  39 0002 C368     	 ldr r3,[r0,#12]
  40              	 
  41 0004 9343     	 bic r3,r2
  42 0006 013A     	 sub r2,r2,#1
  43 0008 1343     	 orr r3,r2
  44 000a C360     	 str r3,[r0,#12]
  45 000c 7047     	 bx lr
  47              	 .global __aeabi_uidiv
  48              	 .section .text.XMC_USIC_CH_SetBaudrate,"ax",%progbits
  49              	 .align 1
  50              	 .global XMC_USIC_CH_SetBaudrate
  51              	 .code 16
  52              	 .thumb_func
  54              	XMC_USIC_CH_SetBaudrate:
  55 0000 F0B5     	 push {r4,r5,r6,r7,lr}
  56 0002 0124     	 mov r4,#1
  57 0004 87B0     	 sub sp,sp,#28
  58 0006 6329     	 cmp r1,#99
  59 0008 40D9     	 bls .L6
  60 000a 002A     	 cmp r2,#0
  61 000c 3ED0     	 beq .L6
  62 000e 0E1C     	 mov r6,r1
  63 0010 0492     	 str r2,[sp,#16]
  64 0012 051C     	 mov r5,r0
  65 0014 FFF7FEFF 	 bl XMC_SCU_CLOCK_GetPeripheralClockFrequency
  66 0018 6421     	 mov r1,#100
  67 001a FFF7FEFF 	 bl __aeabi_uidiv
  68 001e 8027     	 mov r7,#128
  69 0020 0390     	 str r0,[sp,#12]
  70 0022 6421     	 mov r1,#100
  71 0024 301C     	 mov r0,r6
  72 0026 FFF7FEFF 	 bl __aeabi_uidiv
  73 002a FF00     	 lsl r7,r7,#3
  74 002c 0194     	 str r4,[sp,#4]
  75 002e 3C1C     	 mov r4,r7
  76 0030 049B     	 ldr r3,[sp,#16]
  77 0032 4343     	 mul r3,r0
  78 0034 0593     	 str r3,[sp,#20]
  79 0036 039B     	 ldr r3,[sp,#12]
  80 0038 9E02     	 lsl r6,r3,#10
  81 003a 164B     	 ldr r3,.L12
  82 003c 0293     	 str r3,[sp,#8]
  83              	.L8:
  84 003e 301C     	 mov r0,r6
  85 0040 0599     	 ldr r1,[sp,#20]
  86 0042 FFF7FEFF 	 bl __aeabi_uidiv
  87 0046 8022     	 mov r2,#128
  88 0048 830A     	 lsr r3,r0,#10
  89 004a D200     	 lsl r2,r2,#3
  90 004c 9342     	 cmp r3,r2
  91 004e 07D8     	 bhi .L7
  92 0050 029A     	 ldr r2,[sp,#8]
  93 0052 8005     	 lsl r0,r0,#22
  94 0054 800D     	 lsr r0,r0,#22
  95 0056 9042     	 cmp r0,r2
  96 0058 02D2     	 bcs .L7
  97 005a 271C     	 mov r7,r4
  98 005c 0290     	 str r0,[sp,#8]
  99 005e 0193     	 str r3,[sp,#4]
 100              	.L7:
 101 0060 039B     	 ldr r3,[sp,#12]
 102 0062 013C     	 sub r4,r4,#1
 103 0064 F61A     	 sub r6,r6,r3
 104 0066 002C     	 cmp r4,#0
 105 0068 E9D1     	 bne .L8
 106 006a 8022     	 mov r2,#128
 107 006c 7B1E     	 sub r3,r7,#1
 108 006e 1202     	 lsl r2,r2,#8
 109 0070 1343     	 orr r3,r2
 110 0072 2B61     	 str r3,[r5,#16]
 111 0074 049B     	 ldr r3,[sp,#16]
 112 0076 6969     	 ldr r1,[r5,#20]
 113 0078 074A     	 ldr r2,.L12+4
 114 007a 013B     	 sub r3,r3,#1
 115 007c 9B02     	 lsl r3,r3,#10
 116 007e 0A40     	 and r2,r1
 117 0080 1A43     	 orr r2,r3
 118 0082 019B     	 ldr r3,[sp,#4]
 119 0084 013B     	 sub r3,r3,#1
 120 0086 1B04     	 lsl r3,r3,#16
 121 0088 1A43     	 orr r2,r3
 122 008a 6A61     	 str r2,[r5,#20]
 123              	.L6:
 124 008c 201C     	 mov r0,r4
 125 008e 07B0     	 add sp,sp,#28
 126              	 
 127 0090 F0BD     	 pop {r4,r5,r6,r7,pc}
 128              	.L13:
 129 0092 C046     	 .align 2
 130              	.L12:
 131 0094 FF030000 	 .word 1023
 132 0098 EF8000FC 	 .word -67075857
 134              	 .global __aeabi_idiv
 135              	 .section .text.XMC_USIC_CH_SetBaudrateEx,"ax",%progbits
 136              	 .align 1
 137              	 .global XMC_USIC_CH_SetBaudrateEx
 138              	 .code 16
 139              	 .thumb_func
 141              	XMC_USIC_CH_SetBaudrateEx:
 142 0000 F0B5     	 push {r4,r5,r6,r7,lr}
 143 0002 85B0     	 sub sp,sp,#20
 144 0004 0192     	 str r2,[sp,#4]
 145 0006 071C     	 mov r7,r0
 146 0008 0391     	 str r1,[sp,#12]
 147 000a FFF7FEFF 	 bl XMC_SCU_CLOCK_GetPeripheralClockFrequency
 148 000e 019B     	 ldr r3,[sp,#4]
 149 0010 039A     	 ldr r2,[sp,#12]
 150 0012 061C     	 mov r6,r0
 151 0014 5343     	 mul r3,r2
 152 0016 0124     	 mov r4,#1
 153 0018 0093     	 str r3,[sp]
 154 001a 9842     	 cmp r0,r3
 155 001c 45DD     	 ble .L15
 156 001e 191C     	 mov r1,r3
 157 0020 FFF7FEFF 	 bl __aeabi_idiv
 158 0024 009B     	 ldr r3,[sp]
 159 0026 051C     	 mov r5,r0
 160 0028 A340     	 lsl r3,r3,r4
 161              	.L20:
 162 002a 0293     	 str r3,[sp,#8]
 163 002c 204B     	 ldr r3,.L22
 164 002e 9D42     	 cmp r5,r3
 165 0030 0AD9     	 bls .L21
 166 0032 301C     	 mov r0,r6
 167 0034 0299     	 ldr r1,[sp,#8]
 168 0036 FFF7FEFF 	 bl __aeabi_idiv
 169 003a 009A     	 ldr r2,[sp]
 170 003c 029B     	 ldr r3,[sp,#8]
 171 003e 9446     	 mov ip,r2
 172 0040 0134     	 add r4,r4,#1
 173 0042 051C     	 mov r5,r0
 174 0044 6344     	 add r3,r3,ip
 175 0046 F0E7     	 b .L20
 176              	.L21:
 177 0048 0199     	 ldr r1,[sp,#4]
 178 004a 6B1C     	 add r3,r5,#1
 179 004c 6143     	 mul r1,r4
 180 004e 301C     	 mov r0,r6
 181 0050 5943     	 mul r1,r3
 182 0052 0093     	 str r3,[sp]
 183 0054 FFF7FEFF 	 bl __aeabi_uidiv
 184 0058 211C     	 mov r1,r4
 185 005a 039B     	 ldr r3,[sp,#12]
 186 005c 6943     	 mul r1,r5
 187 005e 181A     	 sub r0,r3,r0
 188 0060 C217     	 asr r2,r0,#31
 189 0062 8318     	 add r3,r0,r2
 190 0064 5340     	 eor r3,r2
 191 0066 0293     	 str r3,[sp,#8]
 192 0068 019B     	 ldr r3,[sp,#4]
 193 006a 301C     	 mov r0,r6
 194 006c 5943     	 mul r1,r3
 195 006e FFF7FEFF 	 bl __aeabi_uidiv
 196 0072 039B     	 ldr r3,[sp,#12]
 197 0074 181A     	 sub r0,r3,r0
 198 0076 C317     	 asr r3,r0,#31
 199 0078 C018     	 add r0,r0,r3
 200 007a 5840     	 eor r0,r3
 201 007c 029B     	 ldr r3,[sp,#8]
 202 007e 8342     	 cmp r3,r0
 203 0080 00DA     	 bge .L18
 204 0082 009D     	 ldr r5,[sp]
 205              	.L18:
 206 0084 8023     	 mov r3,#128
 207 0086 DB00     	 lsl r3,r3,#3
 208 0088 5D1B     	 sub r5,r3,r5
 209 008a 8023     	 mov r3,#128
 210 008c DB01     	 lsl r3,r3,#7
 211 008e 1D43     	 orr r5,r3
 212 0090 3D61     	 str r5,[r7,#16]
 213 0092 019B     	 ldr r3,[sp,#4]
 214 0094 7969     	 ldr r1,[r7,#20]
 215 0096 074A     	 ldr r2,.L22+4
 216 0098 013B     	 sub r3,r3,#1
 217 009a 9B02     	 lsl r3,r3,#10
 218 009c 0A40     	 and r2,r1
 219 009e 013C     	 sub r4,r4,#1
 220 00a0 1343     	 orr r3,r2
 221 00a2 2404     	 lsl r4,r4,#16
 222 00a4 1C43     	 orr r4,r3
 223 00a6 7C61     	 str r4,[r7,#20]
 224 00a8 0024     	 mov r4,#0
 225              	.L15:
 226 00aa 201C     	 mov r0,r4
 227 00ac 05B0     	 add sp,sp,#20
 228              	 
 229 00ae F0BD     	 pop {r4,r5,r6,r7,pc}
 230              	.L23:
 231              	 .align 2
 232              	.L22:
 233 00b0 FE030000 	 .word 1022
 234 00b4 EF8000FC 	 .word -67075857
 236              	 .section .text.XMC_USIC_CH_SetBaudrateDivider,"ax",%progbits
 237              	 .align 1
 238              	 .global XMC_USIC_CH_SetBaudrateDivider
 239              	 .code 16
 240              	 .thumb_func
 242              	XMC_USIC_CH_SetBaudrateDivider:
 243 0000 F0B5     	 push {r4,r5,r6,r7,lr}
 244 0002 05AC     	 add r4,sp,#20
 245 0004 2778     	 ldrb r7,[r4]
 246 0006 4669     	 ldr r6,[r0,#20]
 247 0008 094C     	 ldr r4,.L27
 248 000a 1B04     	 lsl r3,r3,#16
 249 000c 2640     	 and r6,r4
 250 000e 541E     	 sub r4,r2,#1
 251 0010 A241     	 sbc r2,r2,r4
 252 0012 079C     	 ldr r4,[sp,#28]
 253 0014 1201     	 lsl r2,r2,#4
 254 0016 A402     	 lsl r4,r4,#10
 255 0018 2643     	 orr r6,r4
 256 001a 069C     	 ldr r4,[sp,#24]
 257              	 
 258 001c 2502     	 lsl r5,r4,#8
 259 001e 341C     	 mov r4,r6
 260 0020 2C43     	 orr r4,r5
 261 0022 3C43     	 orr r4,r7
 262 0024 2343     	 orr r3,r4
 263 0026 0B43     	 orr r3,r1
 264 0028 1343     	 orr r3,r2
 265 002a 4361     	 str r3,[r0,#20]
 266 002c F0BD     	 pop {r4,r5,r6,r7,pc}
 267              	.L28:
 268 002e C046     	 .align 2
 269              	.L27:
 270 0030 2C8000FC 	 .word -67076052
 272              	 .global __aeabi_ui2f
 273              	 .global __aeabi_fmul
 274              	 .global __aeabi_fdiv
 275              	 .global __aeabi_f2uiz
 276              	 .section .text.XMC_USIC_CH_GetBaudrate,"ax",%progbits
 277              	 .align 1
 278              	 .global XMC_USIC_CH_GetBaudrate
 279              	 .code 16
 280              	 .thumb_func
 282              	XMC_USIC_CH_GetBaudrate:
 283 0000 C023     	 mov r3,#192
 284 0002 4269     	 ldr r2,[r0,#20]
 285 0004 70B5     	 push {r4,r5,r6,lr}
 286 0006 1A40     	 and r2,r3
 287 0008 051C     	 mov r5,r0
 288 000a BE3B     	 sub r3,r3,#190
 289 000c C02A     	 cmp r2,#192
 290 000e 0FD0     	 beq .L30
 291 0010 4369     	 ldr r3,[r0,#20]
 292 0012 4269     	 ldr r2,[r0,#20]
 293 0014 DB06     	 lsl r3,r3,#27
 294 0016 DB0F     	 lsr r3,r3,#31
 295 0018 0133     	 add r3,r3,#1
 296 001a 5206     	 lsl r2,r2,#25
 297 001c 08D4     	 bmi .L30
 298 001e 4269     	 ldr r2,[r0,#20]
 299 0020 9201     	 lsl r2,r2,#6
 300 0022 920D     	 lsr r2,r2,#22
 301 0024 0132     	 add r2,r2,#1
 302 0026 5343     	 mul r3,r2
 303 0028 4269     	 ldr r2,[r0,#20]
 304 002a 1206     	 lsl r2,r2,#24
 305 002c 00D5     	 bpl .L30
 306 002e 5B00     	 lsl r3,r3,#1
 307              	.L30:
 308 0030 6A69     	 ldr r2,[r5,#20]
 309 0032 6C69     	 ldr r4,[r5,#20]
 310 0034 9205     	 lsl r2,r2,#22
 311 0036 6404     	 lsl r4,r4,#17
 312 0038 E40E     	 lsr r4,r4,#27
 313 003a 920F     	 lsr r2,r2,#30
 314 003c 0132     	 add r2,r2,#1
 315 003e 0134     	 add r4,r4,#1
 316 0040 5443     	 mul r4,r2
 317 0042 5C43     	 mul r4,r3
 318 0044 FFF7FEFF 	 bl XMC_SCU_CLOCK_GetPeripheralClockFrequency
 319 0048 C023     	 mov r3,#192
 320 004a 2A69     	 ldr r2,[r5,#16]
 321 004c 1B02     	 lsl r3,r3,#8
 322 004e 1340     	 and r3,r2
 323 0050 8022     	 mov r2,#128
 324 0052 2D69     	 ldr r5,[r5,#16]
 325 0054 1202     	 lsl r2,r2,#8
 326 0056 9342     	 cmp r3,r2
 327 0058 0BD1     	 bne .L32
 328 005a FFF7FEFF 	 bl __aeabi_ui2f
 329 005e 061C     	 add r6,r0,#0
 330 0060 A805     	 lsl r0,r5,#22
 331 0062 800D     	 lsr r0,r0,#22
 332 0064 FFF7FEFF 	 bl __aeabi_ui2f
 333 0068 EA21     	 mov r1,#234
 334 006a 8905     	 lsl r1,r1,#22
 335 006c FFF7FEFF 	 bl __aeabi_fmul
 336 0070 0EE0     	 b .L39
 337              	.L32:
 338 0072 FFF7FEFF 	 bl __aeabi_ui2f
 339 0076 061C     	 add r6,r0,#0
 340 0078 8020     	 mov r0,#128
 341 007a AD05     	 lsl r5,r5,#22
 342 007c AD0D     	 lsr r5,r5,#22
 343 007e C000     	 lsl r0,r0,#3
 344 0080 401B     	 sub r0,r0,r5
 345 0082 FFF7FEFF 	 bl __aeabi_ui2f
 346 0086 011C     	 add r1,r0,#0
 347 0088 FE20     	 mov r0,#254
 348 008a 8005     	 lsl r0,r0,#22
 349 008c FFF7FEFF 	 bl __aeabi_fdiv
 350              	.L39:
 351 0090 011C     	 add r1,r0,#0
 352 0092 301C     	 add r0,r6,#0
 353 0094 FFF7FEFF 	 bl __aeabi_fmul
 354 0098 051C     	 add r5,r0,#0
 355 009a 201C     	 mov r0,r4
 356 009c FFF7FEFF 	 bl __aeabi_ui2f
 357 00a0 011C     	 add r1,r0,#0
 358 00a2 281C     	 add r0,r5,#0
 359 00a4 FFF7FEFF 	 bl __aeabi_fdiv
 360 00a8 FFF7FEFF 	 bl __aeabi_f2uiz
 361              	 
 362 00ac 70BD     	 pop {r4,r5,r6,pc}
 364              	 .section .text.XMC_USIC_CH_GetSCLKFrequency,"ax",%progbits
 365              	 .align 1
 366              	 .global XMC_USIC_CH_GetSCLKFrequency
 367              	 .code 16
 368              	 .thumb_func
 370              	XMC_USIC_CH_GetSCLKFrequency:
 371 0000 70B5     	 push {r4,r5,r6,lr}
 372 0002 4469     	 ldr r4,[r0,#20]
 373 0004 4369     	 ldr r3,[r0,#20]
 374 0006 E406     	 lsl r4,r4,#27
 375 0008 9B01     	 lsl r3,r3,#6
 376 000a 9B0D     	 lsr r3,r3,#22
 377 000c E40F     	 lsr r4,r4,#31
 378 000e 0133     	 add r3,r3,#1
 379 0010 051C     	 mov r5,r0
 380 0012 5B00     	 lsl r3,r3,#1
 381 0014 0134     	 add r4,r4,#1
 382 0016 5C43     	 mul r4,r3
 383 0018 FFF7FEFF 	 bl XMC_SCU_CLOCK_GetPeripheralClockFrequency
 384 001c C023     	 mov r3,#192
 385 001e 2A69     	 ldr r2,[r5,#16]
 386 0020 1B02     	 lsl r3,r3,#8
 387 0022 1340     	 and r3,r2
 388 0024 8022     	 mov r2,#128
 389 0026 2D69     	 ldr r5,[r5,#16]
 390 0028 1202     	 lsl r2,r2,#8
 391 002a 9342     	 cmp r3,r2
 392 002c 0BD1     	 bne .L42
 393 002e FFF7FEFF 	 bl __aeabi_ui2f
 394 0032 061C     	 add r6,r0,#0
 395 0034 A805     	 lsl r0,r5,#22
 396 0036 800D     	 lsr r0,r0,#22
 397 0038 FFF7FEFF 	 bl __aeabi_ui2f
 398 003c EA21     	 mov r1,#234
 399 003e 8905     	 lsl r1,r1,#22
 400 0040 FFF7FEFF 	 bl __aeabi_fmul
 401 0044 0EE0     	 b .L45
 402              	.L42:
 403 0046 FFF7FEFF 	 bl __aeabi_ui2f
 404 004a 061C     	 add r6,r0,#0
 405 004c 8020     	 mov r0,#128
 406 004e AD05     	 lsl r5,r5,#22
 407 0050 AD0D     	 lsr r5,r5,#22
 408 0052 C000     	 lsl r0,r0,#3
 409 0054 401B     	 sub r0,r0,r5
 410 0056 FFF7FEFF 	 bl __aeabi_ui2f
 411 005a 011C     	 add r1,r0,#0
 412 005c FE20     	 mov r0,#254
 413 005e 8005     	 lsl r0,r0,#22
 414 0060 FFF7FEFF 	 bl __aeabi_fdiv
 415              	.L45:
 416 0064 011C     	 add r1,r0,#0
 417 0066 301C     	 add r0,r6,#0
 418 0068 FFF7FEFF 	 bl __aeabi_fmul
 419 006c 051C     	 add r5,r0,#0
 420 006e 201C     	 mov r0,r4
 421 0070 FFF7FEFF 	 bl __aeabi_ui2f
 422 0074 011C     	 add r1,r0,#0
 423 0076 281C     	 add r0,r5,#0
 424 0078 FFF7FEFF 	 bl __aeabi_fdiv
 425 007c FFF7FEFF 	 bl __aeabi_f2uiz
 426              	 
 427 0080 70BD     	 pop {r4,r5,r6,pc}
 429              	 .section .text.XMC_USIC_CH_GetMCLKFrequency,"ax",%progbits
 430              	 .align 1
 431              	 .global XMC_USIC_CH_GetMCLKFrequency
 432              	 .code 16
 433              	 .thumb_func
 435              	XMC_USIC_CH_GetMCLKFrequency:
 436 0000 38B5     	 push {r3,r4,r5,lr}
 437 0002 041C     	 mov r4,r0
 438 0004 FFF7FEFF 	 bl XMC_SCU_CLOCK_GetPeripheralClockFrequency
 439 0008 C023     	 mov r3,#192
 440 000a 2269     	 ldr r2,[r4,#16]
 441 000c 1B02     	 lsl r3,r3,#8
 442 000e 1340     	 and r3,r2
 443 0010 8022     	 mov r2,#128
 444 0012 2469     	 ldr r4,[r4,#16]
 445 0014 1202     	 lsl r2,r2,#8
 446 0016 9342     	 cmp r3,r2
 447 0018 13D1     	 bne .L47
 448 001a FFF7FEFF 	 bl __aeabi_ui2f
 449 001e 051C     	 add r5,r0,#0
 450 0020 8020     	 mov r0,#128
 451 0022 A405     	 lsl r4,r4,#22
 452 0024 A40D     	 lsr r4,r4,#22
 453 0026 C000     	 lsl r0,r0,#3
 454 0028 001B     	 sub r0,r0,r4
 455 002a FFF7FEFF 	 bl __aeabi_ui2f
 456 002e 011C     	 add r1,r0,#0
 457 0030 FE20     	 mov r0,#254
 458 0032 8005     	 lsl r0,r0,#22
 459 0034 FFF7FEFF 	 bl __aeabi_fdiv
 460 0038 011C     	 add r1,r0,#0
 461 003a 281C     	 add r0,r5,#0
 462 003c FFF7FEFF 	 bl __aeabi_fmul
 463 0040 0EE0     	 b .L48
 464              	.L47:
 465 0042 FFF7FEFF 	 bl __aeabi_ui2f
 466 0046 051C     	 add r5,r0,#0
 467 0048 A005     	 lsl r0,r4,#22
 468 004a 800D     	 lsr r0,r0,#22
 469 004c FFF7FEFF 	 bl __aeabi_ui2f
 470 0050 EA21     	 mov r1,#234
 471 0052 8905     	 lsl r1,r1,#22
 472 0054 FFF7FEFF 	 bl __aeabi_fmul
 473 0058 011C     	 add r1,r0,#0
 474 005a 281C     	 add r0,r5,#0
 475 005c FFF7FEFF 	 bl __aeabi_fdiv
 476              	.L48:
 477 0060 FC21     	 mov r1,#252
 478 0062 8905     	 lsl r1,r1,#22
 479 0064 FFF7FEFF 	 bl __aeabi_fmul
 480 0068 FFF7FEFF 	 bl __aeabi_f2uiz
 481              	 
 482 006c 38BD     	 pop {r3,r4,r5,pc}
 484              	 .section .text.XMC_USIC_CH_ConfigExternalInputSignalToBRG,"ax",%progbits
 485              	 .align 1
 486              	 .global XMC_USIC_CH_ConfigExternalInputSignalToBRG
 487              	 .code 16
 488              	 .thumb_func
 490              	XMC_USIC_CH_ConfigExternalInputSignalToBRG:
 491 0000 30B5     	 push {r4,r5,lr}
 492 0002 0325     	 mov r5,#3
 493 0004 4469     	 ldr r4,[r0,#20]
 494 0006 9B02     	 lsl r3,r3,#10
 495 0008 AC43     	 bic r4,r5
 496 000a 013D     	 sub r5,r5,#1
 497 000c 2C43     	 orr r4,r5
 498 000e 4461     	 str r4,[r0,#20]
 499 0010 056A     	 ldr r5,[r0,#32]
 500 0012 084C     	 ldr r4,.L50
 501 0014 0139     	 sub r1,r1,#1
 502 0016 2C40     	 and r4,r5
 503 0018 2343     	 orr r3,r4
 504 001a 0362     	 str r3,[r0,#32]
 505 001c 4469     	 ldr r4,[r0,#20]
 506 001e 531E     	 sub r3,r2,#1
 507 0020 221C     	 mov r2,r4
 508 0022 9B02     	 lsl r3,r3,#10
 509 0024 0904     	 lsl r1,r1,#16
 510 0026 1943     	 orr r1,r3
 511 0028 034B     	 ldr r3,.L50+4
 512              	 
 513 002a 1A40     	 and r2,r3
 514 002c 1143     	 orr r1,r2
 515 002e 4161     	 str r1,[r0,#20]
 516 0030 30BD     	 pop {r4,r5,pc}
 517              	.L51:
 518 0032 C046     	 .align 2
 519              	.L50:
 520 0034 FFF3FFFF 	 .word -3073
 521 0038 EF8000FC 	 .word -67075857
 523              	 .section .text.XMC_USIC_CH_TXFIFO_Configure,"ax",%progbits
 524              	 .align 1
 525              	 .global XMC_USIC_CH_TXFIFO_Configure
 526              	 .code 16
 527              	 .thumb_func
 529              	XMC_USIC_CH_TXFIFO_Configure:
 530 0000 FC30     	 add r0,r0,#252
 531 0002 30B5     	 push {r4,r5,lr}
 532 0004 C568     	 ldr r5,[r0,#12]
 533 0006 064C     	 ldr r4,.L53
 534 0008 1206     	 lsl r2,r2,#24
 535 000a 2C40     	 and r4,r5
 536 000c C460     	 str r4,[r0,#12]
 537 000e C568     	 ldr r5,[r0,#12]
 538 0010 044C     	 ldr r4,.L53+4
 539 0012 1B02     	 lsl r3,r3,#8
 540 0014 2C40     	 and r4,r5
 541 0016 2143     	 orr r1,r4
 542 0018 0A43     	 orr r2,r1
 543 001a 1343     	 orr r3,r2
 544 001c C360     	 str r3,[r0,#12]
 545              	 
 546 001e 30BD     	 pop {r4,r5,pc}
 547              	.L54:
 548              	 .align 2
 549              	.L53:
 550 0020 FFFFFFF8 	 .word -117440513
 551 0024 C0C0FFF8 	 .word -117456704
 553              	 .section .text.XMC_USIC_CH_RXFIFO_Configure,"ax",%progbits
 554              	 .align 1
 555              	 .global XMC_USIC_CH_RXFIFO_Configure
 556              	 .code 16
 557              	 .thumb_func
 559              	XMC_USIC_CH_RXFIFO_Configure:
 560 0000 FC30     	 add r0,r0,#252
 561 0002 30B5     	 push {r4,r5,lr}
 562 0004 0569     	 ldr r5,[r0,#16]
 563 0006 084C     	 ldr r4,.L56
 564 0008 1206     	 lsl r2,r2,#24
 565 000a 2C40     	 and r4,r5
 566 000c 0461     	 str r4,[r0,#16]
 567 000e 0469     	 ldr r4,[r0,#16]
 568 0010 064D     	 ldr r5,.L56+4
 569 0012 1B02     	 lsl r3,r3,#8
 570 0014 2540     	 and r5,r4
 571 0016 8024     	 mov r4,#128
 572 0018 6405     	 lsl r4,r4,#21
 573 001a 2C43     	 orr r4,r5
 574 001c 2143     	 orr r1,r4
 575 001e 0A43     	 orr r2,r1
 576 0020 1343     	 orr r3,r2
 577 0022 0361     	 str r3,[r0,#16]
 578              	 
 579 0024 30BD     	 pop {r4,r5,pc}
 580              	.L57:
 581 0026 C046     	 .align 2
 582              	.L56:
 583 0028 FFFFFFF8 	 .word -117440513
 584 002c C0C0FFEF 	 .word -268451648
 586              	 .section .text.XMC_USIC_CH_TXFIFO_SetSizeTriggerLimit,"ax",%progbits
 587              	 .align 1
 588              	 .global XMC_USIC_CH_TXFIFO_SetSizeTriggerLimit
 589              	 .code 16
 590              	 .thumb_func
 592              	XMC_USIC_CH_TXFIFO_SetSizeTriggerLimit:
 593 0000 FC30     	 add r0,r0,#252
 594 0002 C168     	 ldr r1,[r0,#12]
 595 0004 024B     	 ldr r3,.L59
 596 0006 1202     	 lsl r2,r2,#8
 597 0008 0B40     	 and r3,r1
 598 000a 1A43     	 orr r2,r3
 599 000c C260     	 str r2,[r0,#12]
 600              	 
 601 000e 7047     	 bx lr
 602              	.L60:
 603              	 .align 2
 604              	.L59:
 605 0010 FFC0FFFF 	 .word -16129
 607              	 .section .text.XMC_USIC_CH_RXFIFO_SetSizeTriggerLimit,"ax",%progbits
 608              	 .align 1
 609              	 .global XMC_USIC_CH_RXFIFO_SetSizeTriggerLimit
 610              	 .code 16
 611              	 .thumb_func
 613              	XMC_USIC_CH_RXFIFO_SetSizeTriggerLimit:
 614 0000 FC30     	 add r0,r0,#252
 615 0002 0169     	 ldr r1,[r0,#16]
 616 0004 024B     	 ldr r3,.L62
 617 0006 1202     	 lsl r2,r2,#8
 618 0008 0B40     	 and r3,r1
 619 000a 1A43     	 orr r2,r3
 620 000c 0261     	 str r2,[r0,#16]
 621              	 
 622 000e 7047     	 bx lr
 623              	.L63:
 624              	 .align 2
 625              	.L62:
 626 0010 FFC0FFFF 	 .word -16129
 628              	 .section .text.XMC_USIC_CH_SetInterruptNodePointer,"ax",%progbits
 629              	 .align 1
 630              	 .global XMC_USIC_CH_SetInterruptNodePointer
 631              	 .code 16
 632              	 .thumb_func
 634              	XMC_USIC_CH_SetInterruptNodePointer:
 635 0000 10B5     	 push {r4,lr}
 636 0002 0724     	 mov r4,#7
 637 0004 8C40     	 lsl r4,r4,r1
 638 0006 8A40     	 lsl r2,r2,r1
 639 0008 8369     	 ldr r3,[r0,#24]
 640              	 
 641 000a A343     	 bic r3,r4
 642 000c 1343     	 orr r3,r2
 643 000e 8361     	 str r3,[r0,#24]
 644 0010 10BD     	 pop {r4,pc}
 646              	 .section .text.XMC_USIC_CH_TXFIFO_SetInterruptNodePointer,"ax",%progbits
 647              	 .align 1
 648              	 .global XMC_USIC_CH_TXFIFO_SetInterruptNodePointer
 649              	 .code 16
 650              	 .thumb_func
 652              	XMC_USIC_CH_TXFIFO_SetInterruptNodePointer:
 653 0000 10B5     	 push {r4,lr}
 654 0002 0724     	 mov r4,#7
 655 0004 8C40     	 lsl r4,r4,r1
 656 0006 8A40     	 lsl r2,r2,r1
 657 0008 FC30     	 add r0,r0,#252
 658 000a C368     	 ldr r3,[r0,#12]
 659              	 
 660 000c A343     	 bic r3,r4
 661 000e 1343     	 orr r3,r2
 662 0010 C360     	 str r3,[r0,#12]
 663 0012 10BD     	 pop {r4,pc}
 665              	 .section .text.XMC_USIC_CH_RXFIFO_SetInterruptNodePointer,"ax",%progbits
 666              	 .align 1
 667              	 .global XMC_USIC_CH_RXFIFO_SetInterruptNodePointer
 668              	 .code 16
 669              	 .thumb_func
 671              	XMC_USIC_CH_RXFIFO_SetInterruptNodePointer:
 672 0000 10B5     	 push {r4,lr}
 673 0002 0724     	 mov r4,#7
 674 0004 8C40     	 lsl r4,r4,r1
 675 0006 8A40     	 lsl r2,r2,r1
 676 0008 FC30     	 add r0,r0,#252
 677 000a 0369     	 ldr r3,[r0,#16]
 678              	 
 679 000c A343     	 bic r3,r4
 680 000e 1343     	 orr r3,r2
 681 0010 0361     	 str r3,[r0,#16]
 682 0012 10BD     	 pop {r4,pc}
 684              	 .section .text.XMC_USIC_Enable,"ax",%progbits
 685              	 .align 1
 686              	 .global XMC_USIC_Enable
 687              	 .code 16
 688              	 .thumb_func
 690              	XMC_USIC_Enable:
 691 0000 08B5     	 push {r3,lr}
 692 0002 0A4B     	 ldr r3,.L73
 693 0004 9842     	 cmp r0,r3
 694 0006 02D1     	 bne .L68
 695 0008 FFF7FEFF 	 bl XMC_USIC_Enable.part.0
 696 000c 0CE0     	 b .L67
 697              	.L68:
 698 000e 084B     	 ldr r3,.L73+4
 699 0010 9842     	 cmp r0,r3
 700 0012 09D1     	 bne .L67
 701 0014 8020     	 mov r0,#128
 702 0016 C002     	 lsl r0,r0,#11
 703 0018 FFF7FEFF 	 bl XMC_SCU_CLOCK_UngatePeripheralClock
 704              	.L71:
 705 001c 8020     	 mov r0,#128
 706 001e C002     	 lsl r0,r0,#11
 707 0020 FFF7FEFF 	 bl XMC_SCU_CLOCK_IsPeripheralClockGated
 708 0024 0028     	 cmp r0,#0
 709 0026 F9D1     	 bne .L71
 710              	.L67:
 711              	 
 712 0028 08BD     	 pop {r3,pc}
 713              	.L74:
 714 002a C046     	 .align 2
 715              	.L73:
 716 002c 08000048 	 .word 1207959560
 717 0030 08400048 	 .word 1207975944
 719              	 .section .text.XMC_USIC_CH_Enable,"ax",%progbits
 720              	 .align 1
 721              	 .global XMC_USIC_CH_Enable
 722              	 .code 16
 723              	 .thumb_func
 725              	XMC_USIC_CH_Enable:
 726 0000 9023     	 mov r3,#144
 727 0002 10B5     	 push {r4,lr}
 728 0004 DB05     	 lsl r3,r3,#23
 729 0006 041E     	 sub r4,r0,#0
 730 0008 9C42     	 cmp r4,r3
 731 000a 02D0     	 beq .L76
 732 000c 0C4B     	 ldr r3,.L82
 733 000e 9842     	 cmp r0,r3
 734 0010 02D1     	 bne .L77
 735              	.L76:
 736 0012 FFF7FEFF 	 bl XMC_USIC_Enable.part.0
 737 0016 08E0     	 b .L78
 738              	.L77:
 739 0018 0A4B     	 ldr r3,.L82+4
 740 001a 9842     	 cmp r0,r3
 741 001c 02D0     	 beq .L79
 742 001e 0A4B     	 ldr r3,.L82+8
 743 0020 9842     	 cmp r0,r3
 744 0022 02D1     	 bne .L78
 745              	.L79:
 746 0024 0948     	 ldr r0,.L82+12
 747 0026 FFF7FEFF 	 bl XMC_USIC_Enable
 748              	.L78:
 749 002a 0323     	 mov r3,#3
 750 002c E360     	 str r3,[r4,#12]
 751              	.L80:
 752 002e E368     	 ldr r3,[r4,#12]
 753 0030 DB07     	 lsl r3,r3,#31
 754 0032 FCD5     	 bpl .L80
 755 0034 0F22     	 mov r2,#15
 756 0036 236C     	 ldr r3,[r4,#64]
 757              	 
 758 0038 9343     	 bic r3,r2
 759 003a 2364     	 str r3,[r4,#64]
 760 003c 10BD     	 pop {r4,pc}
 761              	.L83:
 762 003e C046     	 .align 2
 763              	.L82:
 764 0040 00020048 	 .word 1207960064
 765 0044 00400048 	 .word 1207975936
 766 0048 00420048 	 .word 1207976448
 767 004c 08400048 	 .word 1207975944
 769              	 .section .text.XMC_USIC_Disable,"ax",%progbits
 770              	 .align 1
 771              	 .global XMC_USIC_Disable
 772              	 .code 16
 773              	 .thumb_func
 775              	XMC_USIC_Disable:
 776 0000 08B5     	 push {r3,lr}
 777 0002 064B     	 ldr r3,.L88
 778 0004 9842     	 cmp r0,r3
 779 0006 01D1     	 bne .L85
 780 0008 0820     	 mov r0,#8
 781 000a 04E0     	 b .L87
 782              	.L85:
 783 000c 044B     	 ldr r3,.L88+4
 784 000e 9842     	 cmp r0,r3
 785 0010 03D1     	 bne .L84
 786 0012 8020     	 mov r0,#128
 787 0014 C002     	 lsl r0,r0,#11
 788              	.L87:
 789 0016 FFF7FEFF 	 bl XMC_SCU_CLOCK_GatePeripheralClock
 790              	.L84:
 791              	 
 792 001a 08BD     	 pop {r3,pc}
 793              	.L89:
 794              	 .align 2
 795              	.L88:
 796 001c 08000048 	 .word 1207959560
 797 0020 08400048 	 .word 1207975944
 799              	 .ident "GCC: (GNU Tools for ARM Embedded Processors) 4.9.3 20141119 (release) [ARM/embedded-4_9-branch revision 218278]"
DEFINED SYMBOLS
                            *ABS*:00000000 xmc_usic.c
    {standard input}:15     .text.XMC_USIC_Enable.part.0:00000000 $t
    {standard input}:19     .text.XMC_USIC_Enable.part.0:00000000 XMC_USIC_Enable.part.0
    {standard input}:32     .text.XMC_USIC_CH_Disable:00000000 $t
    {standard input}:37     .text.XMC_USIC_CH_Disable:00000000 XMC_USIC_CH_Disable
    {standard input}:49     .text.XMC_USIC_CH_SetBaudrate:00000000 $t
    {standard input}:54     .text.XMC_USIC_CH_SetBaudrate:00000000 XMC_USIC_CH_SetBaudrate
    {standard input}:131    .text.XMC_USIC_CH_SetBaudrate:00000094 $d
    {standard input}:136    .text.XMC_USIC_CH_SetBaudrateEx:00000000 $t
    {standard input}:141    .text.XMC_USIC_CH_SetBaudrateEx:00000000 XMC_USIC_CH_SetBaudrateEx
    {standard input}:233    .text.XMC_USIC_CH_SetBaudrateEx:000000b0 $d
    {standard input}:237    .text.XMC_USIC_CH_SetBaudrateDivider:00000000 $t
    {standard input}:242    .text.XMC_USIC_CH_SetBaudrateDivider:00000000 XMC_USIC_CH_SetBaudrateDivider
    {standard input}:270    .text.XMC_USIC_CH_SetBaudrateDivider:00000030 $d
    {standard input}:277    .text.XMC_USIC_CH_GetBaudrate:00000000 $t
    {standard input}:282    .text.XMC_USIC_CH_GetBaudrate:00000000 XMC_USIC_CH_GetBaudrate
    {standard input}:365    .text.XMC_USIC_CH_GetSCLKFrequency:00000000 $t
    {standard input}:370    .text.XMC_USIC_CH_GetSCLKFrequency:00000000 XMC_USIC_CH_GetSCLKFrequency
    {standard input}:430    .text.XMC_USIC_CH_GetMCLKFrequency:00000000 $t
    {standard input}:435    .text.XMC_USIC_CH_GetMCLKFrequency:00000000 XMC_USIC_CH_GetMCLKFrequency
    {standard input}:485    .text.XMC_USIC_CH_ConfigExternalInputSignalToBRG:00000000 $t
    {standard input}:490    .text.XMC_USIC_CH_ConfigExternalInputSignalToBRG:00000000 XMC_USIC_CH_ConfigExternalInputSignalToBRG
    {standard input}:520    .text.XMC_USIC_CH_ConfigExternalInputSignalToBRG:00000034 $d
    {standard input}:524    .text.XMC_USIC_CH_TXFIFO_Configure:00000000 $t
    {standard input}:529    .text.XMC_USIC_CH_TXFIFO_Configure:00000000 XMC_USIC_CH_TXFIFO_Configure
    {standard input}:550    .text.XMC_USIC_CH_TXFIFO_Configure:00000020 $d
    {standard input}:554    .text.XMC_USIC_CH_RXFIFO_Configure:00000000 $t
    {standard input}:559    .text.XMC_USIC_CH_RXFIFO_Configure:00000000 XMC_USIC_CH_RXFIFO_Configure
    {standard input}:583    .text.XMC_USIC_CH_RXFIFO_Configure:00000028 $d
    {standard input}:587    .text.XMC_USIC_CH_TXFIFO_SetSizeTriggerLimit:00000000 $t
    {standard input}:592    .text.XMC_USIC_CH_TXFIFO_SetSizeTriggerLimit:00000000 XMC_USIC_CH_TXFIFO_SetSizeTriggerLimit
    {standard input}:605    .text.XMC_USIC_CH_TXFIFO_SetSizeTriggerLimit:00000010 $d
    {standard input}:608    .text.XMC_USIC_CH_RXFIFO_SetSizeTriggerLimit:00000000 $t
    {standard input}:613    .text.XMC_USIC_CH_RXFIFO_SetSizeTriggerLimit:00000000 XMC_USIC_CH_RXFIFO_SetSizeTriggerLimit
    {standard input}:626    .text.XMC_USIC_CH_RXFIFO_SetSizeTriggerLimit:00000010 $d
    {standard input}:629    .text.XMC_USIC_CH_SetInterruptNodePointer:00000000 $t
    {standard input}:634    .text.XMC_USIC_CH_SetInterruptNodePointer:00000000 XMC_USIC_CH_SetInterruptNodePointer
    {standard input}:647    .text.XMC_USIC_CH_TXFIFO_SetInterruptNodePointer:00000000 $t
    {standard input}:652    .text.XMC_USIC_CH_TXFIFO_SetInterruptNodePointer:00000000 XMC_USIC_CH_TXFIFO_SetInterruptNodePointer
    {standard input}:666    .text.XMC_USIC_CH_RXFIFO_SetInterruptNodePointer:00000000 $t
    {standard input}:671    .text.XMC_USIC_CH_RXFIFO_SetInterruptNodePointer:00000000 XMC_USIC_CH_RXFIFO_SetInterruptNodePointer
    {standard input}:685    .text.XMC_USIC_Enable:00000000 $t
    {standard input}:690    .text.XMC_USIC_Enable:00000000 XMC_USIC_Enable
    {standard input}:716    .text.XMC_USIC_Enable:0000002c $d
    {standard input}:720    .text.XMC_USIC_CH_Enable:00000000 $t
    {standard input}:725    .text.XMC_USIC_CH_Enable:00000000 XMC_USIC_CH_Enable
    {standard input}:764    .text.XMC_USIC_CH_Enable:00000040 $d
    {standard input}:770    .text.XMC_USIC_Disable:00000000 $t
    {standard input}:775    .text.XMC_USIC_Disable:00000000 XMC_USIC_Disable
    {standard input}:796    .text.XMC_USIC_Disable:0000001c $d

UNDEFINED SYMBOLS
XMC_SCU_CLOCK_UngatePeripheralClock
XMC_SCU_CLOCK_IsPeripheralClockGated
__aeabi_uidiv
XMC_SCU_CLOCK_GetPeripheralClockFrequency
__aeabi_idiv
__aeabi_ui2f
__aeabi_fmul
__aeabi_fdiv
__aeabi_f2uiz
XMC_SCU_CLOCK_GatePeripheralClock
